/autofs/vast/freesurfer/test/recons/bert/7.2.0/bert/mri
/autofs/vast/freesurfer/centos7_x86_64/7.2.0-beta/bin/talairach_avi
--i orig_nu.mgz --xfm transforms/talairach.auto.xfm
talairach_avi 7.2.0-beta
Linux topaz.nmr.mgh.harvard.edu 3.10.0-1160.31.1.el7.x86_64 #1 SMP Thu Jun 10 13:32:12 UTC 2021 x86_64 x86_64 x86_64 GNU/Linux
Tue Jul 13 16:35:15 EDT 2021
mri_convert orig_nu.mgz talsrcimg.img 
reading from orig_nu.mgz...
TR=0.00, TE=0.00, TI=0.00, flip angle=0.00
i_ras = (-1, 0, 0)
j_ras = (0, 0, -1)
k_ras = (0, 1, 0)
writing to talsrcimg.img...
Analyze Output Matrix
-1.00000   0.00000   0.00000   134.39972;
 0.00000   0.00000   1.00000  -111.00000;
 0.00000  -1.00000   0.00000   129.00000;
 0.00000   0.00000   0.00000   1.00000;
--------------------
INFO: set hdr.hist.orient to -1
mpr2mni305 talsrcimg
Tue Jul 13 16:35:16 EDT 2021
/autofs/vast/freesurfer/centos7_x86_64/7.2.0-beta/bin/mpr2mni305 talsrcimg
mpr2mni305 7.2.0-beta
target=711-2C_as_mni_average_305

---------------------------------------------------------------------
analyzeto4dfp talsrcimg -O0 -y
---------------------------------------------------------------------

freesurfer ifh2hdr.c
Tue Jul 13 16:35:17 2021
Writing: talsrcimg.4dfp.hdr
freesurfer analyzeto4dfp.c
Reading: talsrcimg.hdr
header size 348 bytes
hdr.dime.datatype	offset=70	value=2
hdr.dime.bitpix		offset=72	value=8
hdr.hist.orient		offset=252	value=-1
dimensionality     4
dimensions       256       256       256         1
Reading: talsrcimg.img
Writing: talsrcimg.4dfp.img
Writing: talsrcimg.4dfp.ifh
ifh2hdr talsrcimg -r0to255
ori=2

---------------------------------------------------------------------
gauss_4dfp talsrcimg 1.1
---------------------------------------------------------------------

freesurfer gauss_4dfp.c
Reading: talsrcimg.4dfp.img
Writing: talsrcimg_g11.4dfp.img
image dimensions 256 256 256 padded to 288 288 288
processing volume 1freesurfer ifh2hdr.c
Tue Jul 13 16:35:22 2021
Writing: talsrcimg_g11.4dfp.hdr

Writing: talsrcimg_g11.4dfp.ifh
including: talsrcimg.4dfp.img.rec in talsrcimg_g11.4dfp.img.rec

---------------------------------------------------------------------
imgreg_4dfp /autofs/vast/freesurfer/centos7_x86_64/7.2.0-beta/average/711-2C_as_mni_average_305 none talsrcimg_g11 none talsrcimg_to_711-2C_as_mni_average_305_t4 4355
---------------------------------------------------------------------

freesurfer imgreg_4dfp.c
/autofs/vast/freesurfer/centos7_x86_64/7.2.0-beta/average/711-2C_as_mni_average_305.4dfp.img
       256       256       256         1
  1.000000  1.000000  1.000000
orientation T byte_order littleendian
Reading image: /autofs/vast/freesurfer/centos7_x86_64/7.2.0-beta/average/711-2C_as_mni_average_305.4dfp.img
dimensions:      256       256       256
mmppix:       1.0000   -1.0000   -1.0000
center:     128.0000 -129.0000 -129.0000
talsrcimg_g11.4dfp.img
       256       256       256         1
  1.000000  1.000000  1.000000
orientation T byte_order littleendian
Reading image: talsrcimg_g11.4dfp.img
dimensions:      256       256       256
mmppix:       1.0000   -1.0000   -1.0000
center:     128.0000 -129.0000 -129.0000
t4_read: open error in t4_sub.f l:  41 t4_file(1:l)talsrcimg_to_711-2C_as_mni_average_305_t4 
t4_read: transform initialized to I4
rotation matrix determinant  1.000000
image alignment mode   4355 decimal     1103 hex
   -7.5000  -45.0000  -45.0000 9929.1484    9.6414
    0.0000  -45.0000  -45.000010381.6982    9.6397
    7.5000  -45.0000  -45.0000 9971.9648    9.6107
   -7.5000  -37.5000  -45.000010361.2891    9.6170
    0.0000  -37.5000  -45.000010826.1367    9.6166
    7.5000  -37.5000  -45.000010389.6328    9.5875
   -7.5000  -30.0000  -45.000010982.9111    9.5891
    0.0000  -30.0000  -45.000011465.2822    9.5885
    7.5000  -30.0000  -45.000010997.4043    9.5576
   -7.5000  -22.5000  -45.000011444.5078    9.5781
    0.0000  -22.5000  -45.000011956.7168    9.5759
    7.5000  -22.5000  -45.000011441.7334    9.5428
   -7.5000  -15.0000  -45.000011772.7227    9.5766
    0.0000  -15.0000  -45.000012309.6045    9.5733
    7.5000  -15.0000  -45.000011770.3232    9.5398
   -7.5000   -7.5000  -45.000011972.3184    9.5799
    0.0000   -7.5000  -45.000012566.0635    9.5766
    7.5000   -7.5000  -45.000011978.9727    9.5451
   -7.5000    0.0000  -45.000012080.1396    9.5776
    0.0000    0.0000  -45.000012702.5928    9.5757
    7.5000    0.0000  -45.000012089.0029    9.5461
   -7.5000    7.5000  -45.000011255.7656    9.5674
    0.0000    7.5000  -45.000011857.0459    9.5668
    7.5000    7.5000  -45.000011278.5312    9.5373
   -7.5000   15.0000  -45.000010443.9277    9.7353
    0.0000   15.0000  -45.000011021.2100    9.7362
    7.5000   15.0000  -45.000010484.9990    9.7052
   -7.5000   22.5000  -45.0000 9788.0381   10.0425
    0.0000   22.5000  -45.000010315.6973   10.0453
    7.5000   22.5000  -45.0000 9820.0195   10.0122
   -7.5000   30.0000  -45.0000 9151.3027   10.2676
    0.0000   30.0000  -45.0000 9627.1387   10.2711
    7.5000   30.0000  -45.0000 9164.9443   10.2349
   -7.5000   37.5000  -45.0000 8873.0137   10.6737
    0.0000   37.5000  -45.0000 9298.6035   10.6781
    7.5000   37.5000  -45.0000 8850.3857   10.6435
   -7.5000   45.0000  -45.0000 8287.1201   10.8345
    0.0000   45.0000  -45.0000 8652.9170   10.8441
    7.5000   45.0000  -45.0000 8260.8262   10.8116
   -7.5000  -45.0000  -37.500010531.9150    9.6180
    0.0000  -45.0000  -37.500011004.2324    9.6210
    7.5000  -45.0000  -37.500010569.6143    9.5882
   -7.5000  -37.5000  -37.500010987.0029    9.5937
    0.0000  -37.5000  -37.500011474.8809    9.5980
    7.5000  -37.5000  -37.500011000.4717    9.5665
   -7.5000  -30.0000  -37.500011643.2275    9.5667
    0.0000  -30.0000  -37.500012145.0479    9.5694
    7.5000  -30.0000  -37.500011637.2754    9.5365
   -7.5000  -22.5000  -37.500012123.1562    9.5554
    0.0000  -22.5000  -37.500012644.9824    9.5553
    7.5000  -22.5000  -37.500012105.7705    9.5194
   -7.5000  -15.0000  -37.500012448.8018    9.5523
    0.0000  -15.0000  -37.500013000.4951    9.5509
    7.5000  -15.0000  -37.500012440.0244    9.5135
   -7.5000   -7.5000  -37.500012663.0938    9.5545
    0.0000   -7.5000  -37.500013294.2920    9.5545
    7.5000   -7.5000  -37.500012672.5547    9.5186
   -7.5000    0.0000  -37.500012762.1904    9.5521
    0.0000    0.0000  -37.500013430.6494    9.5549
    7.5000    0.0000  -37.500012747.5000    9.5215
   -7.5000    7.5000  -37.500011884.0322    9.5425
    0.0000    7.5000  -37.500012522.1045    9.5466
    7.5000    7.5000  -37.500011882.1035    9.5146
   -7.5000   15.0000  -37.500011018.5371    9.7109
    0.0000   15.0000  -37.500011637.1553    9.7153
    7.5000   15.0000  -37.500011052.3486    9.6828
   -7.5000   22.5000  -37.500010339.7041   10.0165
    0.0000   22.5000  -37.500010899.4775   10.0217
    7.5000   22.5000  -37.500010357.8369    9.9863
   -7.5000   30.0000  -37.5000 9670.0098   10.2387
    0.0000   30.0000  -37.500010176.0996   10.2452
    7.5000   30.0000  -37.5000 9671.8027   10.2068
   -7.5000   37.5000  -37.5000 9323.6260   10.6405
    0.0000   37.5000  -37.5000 9788.9121   10.6518
    7.5000   37.5000  -37.5000 9312.8848   10.6159
   -7.5000   45.0000  -37.5000 8684.0215   10.7993
    0.0000   45.0000  -37.5000 9094.7080   10.8154
    7.5000   45.0000  -37.5000 8657.8350   10.7836
   -7.5000  -45.0000  -30.000011346.1455   10.0106
    0.0000  -45.0000  -30.000011861.5928   10.0177
    7.5000  -45.0000  -30.000011397.6562    9.9849
   -7.5000  -37.5000  -30.000011817.8740    9.9835
    0.0000  -37.5000  -30.000012344.6787    9.9923
    7.5000  -37.5000  -30.000011836.3350    9.9620
   -7.5000  -30.0000  -30.000012510.1797    9.9544
    0.0000  -30.0000  -30.000013065.9443    9.9614
    7.5000  -30.0000  -30.000012524.2617    9.9311
   -7.5000  -22.5000  -30.000013025.5674    9.9427
    0.0000  -22.5000  -30.000013614.7803    9.9465
    7.5000  -22.5000  -30.000013037.3516    9.9132
   -7.5000  -15.0000  -30.000013364.6436    9.9398
    0.0000  -15.0000  -30.000014004.2148    9.9419
    7.5000  -15.0000  -30.000013384.6768    9.9058
   -7.5000   -7.5000  -30.000013587.6777    9.9421
    0.0000   -7.5000  -30.000014316.2363    9.9456
    7.5000   -7.5000  -30.000013617.5850    9.9097
   -7.5000    0.0000  -30.000013686.2773    9.9390
    0.0000    0.0000  -30.000014426.9609    9.9459
    7.5000    0.0000  -30.000013702.5605    9.9124
   -7.5000    7.5000  -30.000012730.9131    9.9279
    0.0000    7.5000  -30.000013452.6719    9.9365
    7.5000    7.5000  -30.000012765.9805    9.9057
   -7.5000   15.0000  -30.000011823.6211   10.1025
    0.0000   15.0000  -30.000012501.0664   10.1118
    7.5000   15.0000  -30.000011874.3477   10.0819
   -7.5000   22.5000  -30.000011073.8418   10.4198
    0.0000   22.5000  -30.000011694.6592   10.4294
    7.5000   22.5000  -30.000011107.4746   10.3964
   -7.5000   30.0000  -30.000010329.0596   10.6538
    0.0000   30.0000  -30.000010880.9717   10.6642
    7.5000   30.0000  -30.000010335.4658   10.6274
   -7.5000   37.5000  -30.0000 9939.8047   11.0699
    0.0000   37.5000  -30.000010442.4941   11.0863
    7.5000   37.5000  -30.0000 9935.8213   11.0507
   -7.5000   45.0000  -30.0000 9232.9785   11.2423
    0.0000   45.0000  -30.0000 9692.7363   11.2631
    7.5000   45.0000  -30.0000 9226.6846   11.2313
   -7.5000  -45.0000  -22.500012167.0000   10.3485
    0.0000  -45.0000  -22.500012721.8418   10.3536
    7.5000  -45.0000  -22.500012242.1533   10.3251
   -7.5000  -37.5000  -22.500012648.4678   10.3176
    0.0000  -37.5000  -22.500013230.4785   10.3248
    7.5000  -37.5000  -22.500012702.1445   10.2986
   -7.5000  -30.0000  -22.500013396.9443   10.2845
    0.0000  -30.0000  -22.500014028.6064   10.2916
    7.5000  -30.0000  -22.500013431.5127   10.2667
   -7.5000  -22.5000  -22.500013968.2373   10.2722
    0.0000  -22.5000  -22.500014596.1592   10.2774
    7.5000  -22.5000  -22.500013987.3184   10.2504
   -7.5000  -15.0000  -22.500014320.7754   10.2712
    0.0000  -15.0000  -22.500015019.3857   10.2744
    7.5000  -15.0000  -22.500014340.9941   10.2444
   -7.5000   -7.5000  -22.500014543.1963   10.2748
    0.0000   -7.5000  -22.500015309.2422   10.2779
    7.5000   -7.5000  -22.500014572.2520   10.2471
   -7.5000    0.0000  -22.500014631.3076   10.2712
    0.0000    0.0000  -22.500015386.1934   10.2761
    7.5000    0.0000  -22.500014638.4160   10.2468
   -7.5000    7.5000  -22.500013624.7002   10.2577
    0.0000    7.5000  -22.500014366.0342   10.2647
    7.5000    7.5000  -22.500013656.4521   10.2379
   -7.5000   15.0000  -22.500012633.1650   10.4363
    0.0000   15.0000  -22.500013357.8477   10.4460
    7.5000   15.0000  -22.500012718.9990   10.4211
   -7.5000   22.5000  -22.500011798.0801   10.7659
    0.0000   22.5000  -22.500012459.4834   10.7767
    7.5000   22.5000  -22.500011871.3848   10.7494
   -7.5000   30.0000  -22.500010993.8691   11.0147
    0.0000   30.0000  -22.500011579.6123   11.0253
    7.5000   30.0000  -22.500011020.8457   10.9931
   -7.5000   37.5000  -22.500010555.8301   11.4469
    0.0000   37.5000  -22.500011111.3750   11.4605
    7.5000   37.5000  -22.500010569.9902   11.4266
   -7.5000   45.0000  -22.5000 9807.2246   11.6344
    0.0000   45.0000  -22.500010301.1504   11.6511
    7.5000   45.0000  -22.5000 9808.7383   11.6189
   -7.5000  -45.0000  -15.000012963.6797   10.5769
    0.0000  -45.0000  -15.000013553.9238   10.5770
    7.5000  -45.0000  -15.000013034.5078   10.5515
   -7.5000  -37.5000  -15.000013467.4756   10.5439
    0.0000  -37.5000  -15.000014077.9453   10.5457
    7.5000  -37.5000  -15.000013514.8066   10.5213
   -7.5000  -30.0000  -15.000014265.1504   10.5077
    0.0000  -30.0000  -15.000014906.2842   10.5108
    7.5000  -30.0000  -15.000014290.8350   10.4874
   -7.5000  -22.5000  -15.000014898.8848   10.4941
    0.0000  -22.5000  -15.000015526.8623   10.4968
    7.5000  -22.5000  -15.000014894.6533   10.4722
   -7.5000  -15.0000  -15.000015331.7158   10.4938
    0.0000  -15.0000  -15.000016026.2305   10.4949
    7.5000  -15.0000  -15.000015318.4834   10.4685
   -7.5000   -7.5000  -15.000015570.3457   10.4985
    0.0000   -7.5000  -15.000016273.9385   10.4982
    7.5000   -7.5000  -15.000015557.6602   10.4712
   -7.5000    0.0000  -15.000015595.6074   10.4950
    0.0000    0.0000  -15.000016292.9570   10.4949
    7.5000    0.0000  -15.000015596.4883   10.4685
   -7.5000    7.5000  -15.000014512.1055   10.4806
    0.0000    7.5000  -15.000015212.9756   10.4821
    7.5000    7.5000  -15.000014547.5107   10.4571
   -7.5000   15.0000  -15.000013435.1221   10.6622
    0.0000   15.0000  -15.000014164.5039   10.6678
    7.5000   15.0000  -15.000013528.8262   10.6440
   -7.5000   22.5000  -15.000012536.0254   11.0005
    0.0000   22.5000  -15.000013226.7012   11.0086
    7.5000   22.5000  -15.000012630.8037   10.9835
   -7.5000   30.0000  -15.000011675.4287   11.2602
    0.0000   30.0000  -15.000012294.3174   11.2681
    7.5000   30.0000  -15.000011732.1777   11.2377
   -7.5000   37.5000  -15.000011231.6416   11.7057
    0.0000   37.5000  -15.000011830.1621   11.7127
    7.5000   37.5000  -15.000011267.9688   11.6794
   -7.5000   45.0000  -15.000010444.3408   11.9049
    0.0000   45.0000  -15.000010994.8184   11.9148
    7.5000   45.0000  -15.000010452.5000   11.8808
   -7.5000  -45.0000   -7.500013703.7236   10.6602
    0.0000  -45.0000   -7.500014332.5420   10.6569
    7.5000  -45.0000   -7.500013772.3818   10.6296
   -7.5000  -37.5000   -7.500014211.2119   10.6276
    0.0000  -37.5000   -7.500014871.3750   10.6258
    7.5000  -37.5000   -7.500014273.9570   10.5983
   -7.5000  -30.0000   -7.500015056.9365   10.5909
    0.0000  -30.0000   -7.500015729.2109   10.5903
    7.5000  -30.0000   -7.500015067.6758   10.5619
   -7.5000  -22.5000   -7.500015717.3730   10.5756
    0.0000  -22.5000   -7.500016384.8164   10.5746
    7.5000  -22.5000   -7.500015696.3760   10.5449
   -7.5000  -15.0000   -7.500016254.2070   10.5736
    0.0000  -15.0000   -7.500016993.6406   10.5712
    7.5000  -15.0000   -7.500016232.1914   10.5410
   -7.5000   -7.5000   -7.500016670.3301   10.5779
    0.0000   -7.5000   -7.500017312.5957   10.5745
    7.5000   -7.5000   -7.500016627.2441   10.5452
   -7.5000    0.0000   -7.500016693.2461   10.5753
    0.0000    0.0000   -7.500017282.6348   10.5719
    7.5000    0.0000   -7.500016661.8398   10.5437
   -7.5000    7.5000   -7.500015482.4609   10.5621
    0.0000    7.5000   -7.500016122.8496   10.5600
    7.5000    7.5000   -7.500015518.3857   10.5319
   -7.5000   15.0000   -7.500014313.1934   10.7467
    0.0000   15.0000   -7.500015047.3018   10.7481
    7.5000   15.0000   -7.500014404.5596   10.7193
   -7.5000   22.5000   -7.500013303.4814   11.0870
    0.0000   22.5000   -7.500014075.5898   11.0914
    7.5000   22.5000   -7.500013406.0117   11.0612
   -7.5000   30.0000   -7.500012360.2646   11.3504
    0.0000   30.0000   -7.500013102.2021   11.3551
    7.5000   30.0000   -7.500012441.9580   11.3204
   -7.5000   37.5000   -7.500011877.8672   11.8031
    0.0000   37.5000   -7.500012602.5225   11.8061
    7.5000   37.5000   -7.500011938.2148   11.7703
   -7.5000   45.0000   -7.500011037.4219   12.0082
    0.0000   45.0000   -7.500011694.5361   12.0154
    7.5000   45.0000   -7.500011077.6689   11.9794
   -7.5000  -45.0000    0.000014328.3037   10.6562
    0.0000  -45.0000    0.000014990.3145   10.6541
    7.5000  -45.0000    0.000014431.9590   10.6212
   -7.5000  -37.5000    0.000014912.6689   10.6256
    0.0000  -37.5000    0.000015574.6816   10.6248
    7.5000  -37.5000    0.000014969.1475   10.5919
   -7.5000  -30.0000    0.000015827.6787   10.5909
    0.0000  -30.0000    0.000016486.1484   10.5898
    7.5000  -30.0000    0.000015831.7607   10.5549
   -7.5000  -22.5000    0.000016474.9883   10.5752
    0.0000  -22.5000    0.000017135.8984   10.5724
    7.5000  -22.5000    0.000016455.9375   10.5351
   -7.5000  -15.0000    0.000016958.5957   10.5710
    0.0000  -15.0000    0.000017768.7676   10.5669
    7.5000  -15.0000    0.000016949.7227   10.5291
   -7.5000   -7.5000    0.000017471.5918   10.5741
    0.0000   -7.5000    0.000018392.9199   10.5702
    7.5000   -7.5000    0.000017519.5371   10.5346
   -7.5000    0.0000    0.000017618.1758   10.5720
    0.0000    0.0000    0.000018604.3164   10.5696
    7.5000    0.0000    0.000017716.0527   10.5359
   -7.5000    7.5000    0.000016293.1182   10.5604
    0.0000    7.5000    0.000017260.7559   10.5594
    7.5000    7.5000    0.000016422.2051   10.5259
   -7.5000   15.0000    0.000014964.6875   10.7472
    0.0000   15.0000    0.000015879.3018   10.7478
    7.5000   15.0000    0.000015097.4268   10.7127
   -7.5000   22.5000    0.000013834.0029   11.0860
    0.0000   22.5000    0.000014683.8535   11.0887
    7.5000   22.5000    0.000013941.6484   11.0513
   -7.5000   30.0000    0.000012834.4268   11.3466
    0.0000   30.0000    0.000013598.9160   11.3503
    7.5000   30.0000    0.000012927.7666   11.3096
   -7.5000   37.5000    0.000012364.4443   11.7992
    0.0000   37.5000    0.000013082.8672   11.8040
    7.5000   37.5000    0.000012430.9512   11.7647
   -7.5000   45.0000    0.000011509.0684   12.0040
    0.0000   45.0000    0.000012154.7246   12.0143
    7.5000   45.0000    0.000011519.9326   11.9772
   -7.5000  -45.0000    7.500013850.5791   10.6504
    0.0000  -45.0000    7.500014427.9580   10.6533
    7.5000  -45.0000    7.500013927.1426   10.6163
   -7.5000  -37.5000    7.500014419.6328   10.6204
    0.0000  -37.5000    7.500015030.2646   10.6247
    7.5000  -37.5000    7.500014474.3652   10.5891
   -7.5000  -30.0000    7.500015310.0234   10.5873
    0.0000  -30.0000    7.500015989.1875   10.5898
    7.5000  -30.0000    7.500015353.8760   10.5527
   -7.5000  -22.5000    7.500015936.2676   10.5720
    0.0000  -22.5000    7.500016719.6191   10.5714
    7.5000  -22.5000    7.500015992.2881   10.5311
   -7.5000  -15.0000    7.500016368.1328   10.5664
    0.0000  -15.0000    7.500017317.3008   10.5644
    7.5000  -15.0000    7.500016437.5586   10.5223
   -7.5000   -7.5000    7.500016816.6016   10.5682
    0.0000   -7.5000    7.500017873.1328   10.5678
    7.5000   -7.5000    7.500016885.6855   10.5274
   -7.5000    0.0000    7.500016956.7422   10.5657
    0.0000    0.0000    7.500018040.8633   10.5684
    7.5000    0.0000    7.500017053.7891   10.5307
   -7.5000    7.5000    7.500015666.1143   10.5549
    0.0000    7.5000    7.500016734.2168   10.5589
    7.5000    7.5000    7.500015832.5830   10.5228
   -7.5000   15.0000    7.500014388.1748   10.7428
    0.0000   15.0000    7.500015377.9717   10.7473
    7.5000   15.0000    7.500014550.6963   10.7104
   -7.5000   22.5000    7.500013283.7080   11.0809
    0.0000   22.5000    7.500014159.4717   11.0861
    7.5000   22.5000    7.500013422.2734   11.0461
   -7.5000   30.0000    7.500012334.1982   11.3389
    0.0000   30.0000    7.500013069.8438   11.3457
    7.5000   30.0000    7.500012445.9844   11.3023
   -7.5000   37.5000    7.500011931.7500   11.7876
    0.0000   37.5000    7.500012570.1699   11.7998
    7.5000   37.5000    7.500011980.4980   11.7592
   -7.5000   45.0000    7.500011094.1836   11.9906
    0.0000   45.0000    7.500011670.3877   12.0083
    7.5000   45.0000    7.500011107.2637   11.9719
   -7.5000  -45.0000   15.000013258.9492   10.7002
    0.0000  -45.0000   15.000013843.8330   10.7072
    7.5000  -45.0000   15.000013324.0615   10.6719
   -7.5000  -37.5000   15.000013758.0195   10.6697
    0.0000  -37.5000   15.000014376.9111   10.6784
    7.5000  -37.5000   15.000013804.1855   10.6457
   -7.5000  -30.0000   15.000014551.2920   10.6366
    0.0000  -30.0000   15.000015224.7607   10.6436
    7.5000  -30.0000   15.000014586.4014   10.6109
   -7.5000  -22.5000   15.000015094.4014   10.6224
    0.0000  -22.5000   15.000015854.8691   10.6261
    7.5000  -22.5000   15.000015138.5830   10.5902
   -7.5000  -15.0000   15.000015549.6895   10.6180
    0.0000  -15.0000   15.000016382.1748   10.6199
    7.5000  -15.0000   15.000015616.2334   10.5810
   -7.5000   -7.5000   15.000015936.2871   10.6201
    0.0000   -7.5000   15.000016735.6133   10.6233
    7.5000   -7.5000   15.000015991.7275   10.5847
   -7.5000    0.0000   15.000015976.3467   10.6169
    0.0000    0.0000   15.000016721.3594   10.6236
    7.5000    0.0000   15.000016037.4551   10.5875
   -7.5000    7.5000   15.000014810.7705   10.6052
    0.0000    7.5000   15.000015563.9766   10.6136
    7.5000    7.5000   15.000014910.7080   10.5804
   -7.5000   15.0000   15.000013668.3779   10.7927
    0.0000   15.0000   15.000014469.2080   10.8021
    7.5000   15.0000   15.000013827.3389   10.7698
   -7.5000   22.5000   15.000012661.7246   11.1321
    0.0000   22.5000   15.000013394.4297   11.1419
    7.5000   22.5000   15.000012788.7715   11.1061
   -7.5000   30.0000   15.000011755.6230   11.3906
    0.0000   30.0000   15.000012378.9951   11.4015
    7.5000   30.0000   15.000011838.0791   11.3617
   -7.5000   37.5000   15.000011361.6543   11.8378
    0.0000   37.5000   15.000011923.6445   11.8551
    7.5000   37.5000   15.000011400.0732   11.8166
   -7.5000   45.0000   15.000010554.1035   12.0404
    0.0000   45.0000   15.000011079.5225   12.0625
    7.5000   45.0000   15.000010563.4287   12.0280
   -7.5000  -45.0000   22.500012510.5156   10.8083
    0.0000  -45.0000   22.500013060.5986   10.8133
    7.5000  -45.0000   22.500012550.3350   10.7835
   -7.5000  -37.5000   22.500012927.4990   10.7761
    0.0000  -37.5000   22.500013476.0566   10.7831
    7.5000  -37.5000   22.500012934.8340   10.7558
   -7.5000  -30.0000   22.500013612.7900   10.7412
    0.0000  -30.0000   22.500014180.6387   10.7481
    7.5000  -30.0000   22.500013598.7441   10.7220
   -7.5000  -22.5000   22.500014143.3740   10.7276
    0.0000  -22.5000   22.500014750.3809   10.7325
    7.5000  -22.5000   22.500014117.8584   10.7044
   -7.5000  -15.0000   22.500014612.2256   10.7257
    0.0000  -15.0000   22.500015216.3398   10.7288
    7.5000  -15.0000   22.500014581.2344   10.6976
   -7.5000   -7.5000   22.500014896.0273   10.7294
    0.0000   -7.5000   22.500015482.8154   10.7324
    7.5000   -7.5000   22.500014877.1836   10.7003
   -7.5000    0.0000   22.500014898.5615   10.7260
    0.0000    0.0000   22.500015492.6055   10.7308
    7.5000    0.0000   22.500014905.9248   10.7002
   -7.5000    7.5000   22.500013841.2471   10.7124
    0.0000    7.5000   22.500014476.8018   10.7192
    7.5000    7.5000   22.500013892.1855   10.6912
   -7.5000   15.0000   22.500012826.5947   10.8999
    0.0000   15.0000   22.500013487.0264   10.9095
    7.5000   15.0000   22.500012923.7178   10.8835
   -7.5000   22.5000   22.500011916.7207   11.2440
    0.0000   22.5000   22.500012529.1279   11.2551
    7.5000   22.5000   22.500011986.5381   11.2265
   -7.5000   30.0000   22.500011063.0088   11.5088
    0.0000   30.0000   22.500011600.0762   11.5199
    7.5000   30.0000   22.500011110.5801   11.4863
   -7.5000   37.5000   22.500010690.3271   11.9625
    0.0000   37.5000   22.500011187.2021   11.9768
    7.5000   37.5000   22.500010720.0488   11.9414
   -7.5000   45.0000   22.5000 9937.4199   12.1704
    0.0000   45.0000   22.500010390.1631   12.1881
    7.5000   45.0000   22.5000 9952.5635   12.1543
   -7.5000  -45.0000   30.000011625.8398   10.9286
    0.0000  -45.0000   30.000012105.5273   10.9286
    7.5000  -45.0000   30.000011643.3428   10.9025
   -7.5000  -37.5000   30.000011986.1943   10.8953
    0.0000  -37.5000   30.000012462.1201   10.8969
    7.5000  -37.5000   30.000011973.8721   10.8719
   -7.5000  -30.0000   30.000012610.5781   10.8584
    0.0000  -30.0000   30.000013092.3828   10.8614
    7.5000  -30.0000   30.000012557.6025   10.8372
   -7.5000  -22.5000   30.000013130.7959   10.8449
    0.0000  -22.5000   30.000013639.4834   10.8473
    7.5000  -22.5000   30.000013070.9922   10.8222
   -7.5000  -15.0000   30.000013546.5811   10.8454
    0.0000  -15.0000   30.000014034.5254   10.8462
    7.5000  -15.0000   30.000013481.8281   10.8192
   -7.5000   -7.5000   30.000013736.8760   10.8509
    0.0000   -7.5000   30.000014229.3232   10.8505
    7.5000   -7.5000   30.000013664.0742   10.8230
   -7.5000    0.0000   30.000013748.4668   10.8476
    0.0000    0.0000   30.000014268.5254   10.8473
    7.5000    0.0000   30.000013706.3467   10.8204
   -7.5000    7.5000   30.000012805.8154   10.8326
    0.0000    7.5000   30.000013346.4473   10.8340
    7.5000    7.5000   30.000012780.9297   10.8083
   -7.5000   15.0000   30.000011898.8936   11.0210
    0.0000   15.0000   30.000012406.9121   11.0267
    7.5000   15.0000   30.000011888.7783   11.0023
   -7.5000   22.5000   30.000011056.2900   11.3709
    0.0000   22.5000   30.000011554.7109   11.3794
    7.5000   22.5000   30.000011056.2451   11.3536
   -7.5000   30.0000   30.000010267.9834   11.6429
    0.0000   30.0000   30.000010741.0713   11.6513
    7.5000   30.0000   30.000010283.6719   11.6201
   -7.5000   37.5000   30.0000 9926.0469   12.1069
    0.0000   37.5000   30.000010383.2725   12.1145
    7.5000   37.5000   30.0000 9935.5693   12.0804
   -7.5000   45.0000   30.0000 9241.8730   12.3206
    0.0000   45.0000   30.0000 9649.3047   12.3314
    7.5000   45.0000   30.0000 9235.0186   12.2967
   -7.5000  -45.0000   37.500011226.4238   11.1039
    0.0000  -45.0000   37.500011704.1406   11.0991
    7.5000  -45.0000   37.500011269.8428   11.0700
   -7.5000  -37.5000   37.500011550.6221   11.0719
    0.0000  -37.5000   37.500012012.9961   11.0684
    7.5000  -37.5000   37.500011560.4492   11.0389
   -7.5000  -30.0000   37.500012159.5820   11.0347
    0.0000  -30.0000   37.500012623.4277   11.0325
    7.5000  -30.0000   37.500012116.0117   11.0023
   -7.5000  -22.5000   37.500012667.7891   11.0197
    0.0000  -22.5000   37.500013133.9473   11.0174
    7.5000  -22.5000   37.500012601.5459   10.9862
   -7.5000  -15.0000   37.500013021.4639   11.0192
    0.0000  -15.0000   37.500013456.0820   11.0158
    7.5000  -15.0000   37.500012915.3516   10.9841
   -7.5000   -7.5000   37.500013159.1631   11.0252
    0.0000   -7.5000   37.500013605.5703   11.0206
    7.5000   -7.5000   37.500013052.1006   10.9899
   -7.5000    0.0000   37.500013187.1035   11.0233
    0.0000    0.0000   37.500013670.4717   11.0184
    7.5000    0.0000   37.500013088.0713   10.9884
   -7.5000    7.5000   37.500012286.2393   11.0095
    0.0000    7.5000   37.500012763.3242   11.0058
    7.5000    7.5000   37.500012215.7188   10.9757
   -7.5000   15.0000   37.500011413.4746   11.2041
    0.0000   15.0000   37.500011880.4951   11.2042
    7.5000   15.0000   37.500011379.5420   11.1736
   -7.5000   22.5000   37.500010610.7090   11.5626
    0.0000   22.5000   37.500011070.3477   11.5663
    7.5000   22.5000   37.500010586.3105   11.5345
   -7.5000   30.0000   37.5000 9859.5312   11.8432
    0.0000   30.0000   37.500010300.4492   11.8475
    7.5000   30.0000   37.5000 9847.4092   11.8109
   -7.5000   37.5000   37.5000 9545.5029   12.3244
    0.0000   37.5000   37.5000 9951.4824   12.3270
    7.5000   37.5000   37.5000 9532.3574   12.2892
   -7.5000   45.0000   37.5000 8886.8154   12.5498
    0.0000   45.0000   37.5000 9241.4863   12.5566
    7.5000   45.0000   37.5000 8866.8125   12.5182
   -7.5000  -45.0000   45.000010406.7627   11.3243
    0.0000  -45.0000   45.000010866.9404   11.3199
    7.5000  -45.0000   45.000010454.0840   11.2842
   -7.5000  -37.5000   45.000010697.8799   11.2932
    0.0000  -37.5000   45.000011129.9922   11.2902
    7.5000  -37.5000   45.000010710.6465   11.2545
   -7.5000  -30.0000   45.000011251.8330   11.2558
    0.0000  -30.0000   45.000011681.8174   11.2529
    7.5000  -30.0000   45.000011229.4033   11.2158
   -7.5000  -22.5000   45.000011689.5449   11.2391
    0.0000  -22.5000   45.000012129.1953   11.2351
    7.5000  -22.5000   45.000011638.8174   11.1960
   -7.5000  -15.0000   45.000011980.3691   11.2366
    0.0000  -15.0000   45.000012370.1719   11.2315
    7.5000  -15.0000   45.000011870.6963   11.1920
   -7.5000   -7.5000   45.000012079.1719   11.2432
    0.0000   -7.5000   45.000012493.7783   11.2377
    7.5000   -7.5000   45.000011977.9697   11.1997
   -7.5000    0.0000   45.000012093.1924   11.2429
    0.0000    0.0000   45.000012548.1084   11.2383
    7.5000    0.0000   45.000012003.6680   11.2018
   -7.5000    7.5000   45.000011276.0801   11.2300
    0.0000    7.5000   45.000011708.1963   11.2268
    7.5000    7.5000   45.000011214.9980   11.1906
   -7.5000   15.0000   45.000010482.5029   11.4311
    0.0000   15.0000   45.000010918.4580   11.4303
    7.5000   15.0000   45.000010455.1582   11.3931
   -7.5000   22.5000   45.0000 9766.0215   11.7967
    0.0000   22.5000   45.000010180.8955   11.7990
    7.5000   22.5000   45.0000 9745.0996   11.7602
   -7.5000   30.0000   45.0000 9080.3115   12.0824
    0.0000   30.0000   45.0000 9475.6826   12.0864
    7.5000   30.0000   45.0000 9079.2979   12.0439
   -7.5000   37.5000   45.0000 8798.3975   12.5786
    0.0000   37.5000   45.0000 9173.6758   12.5831
    7.5000   37.5000   45.0000 8781.4150   12.5414
   -7.5000   45.0000   45.0000 8181.0166   12.8163
    0.0000   45.0000   45.0000 8508.5156   12.8263
    7.5000   45.0000   45.0000 8160.9463   12.7860

---------------------------------------------------------------------
imgreg_4dfp /autofs/vast/freesurfer/centos7_x86_64/7.2.0-beta/average/711-2C_as_mni_average_305 /autofs/vast/freesurfer/centos7_x86_64/7.2.0-beta/average/711-2B_as_mni_average_305_mask talsrcimg_g11 none talsrcimg_to_711-2C_as_mni_average_305_t4 4355
---------------------------------------------------------------------

freesurfer imgreg_4dfp.c
/autofs/vast/freesurfer/centos7_x86_64/7.2.0-beta/average/711-2C_as_mni_average_305.4dfp.img
       256       256       256         1
  1.000000  1.000000  1.000000
orientation T byte_order littleendian
Reading image: /autofs/vast/freesurfer/centos7_x86_64/7.2.0-beta/average/711-2C_as_mni_average_305.4dfp.img
dimensions:      256       256       256
mmppix:       1.0000   -1.0000   -1.0000
center:     128.0000 -129.0000 -129.0000
/autofs/vast/freesurfer/centos7_x86_64/7.2.0-beta/average/711-2B_as_mni_average_305_mask.4dfp.img
       256       256       256         1
  1.000000  1.000000  1.000000
orientation T byte_order littleendian
Reading mask: /autofs/vast/freesurfer/centos7_x86_64/7.2.0-beta/average/711-2B_as_mni_average_305_mask.4dfp.img (2306576 pixels)
talsrcimg_g11.4dfp.img
       256       256       256         1
  1.000000  1.000000  1.000000
orientation T byte_order littleendian
Reading image: talsrcimg_g11.4dfp.img
dimensions:      256       256       256
mmppix:       1.0000   -1.0000   -1.0000
center:     128.0000 -129.0000 -129.0000
rotation matrix determinant  1.000000
image alignment mode   4355 decimal     1103 hex
   -7.5000  -45.0000  -45.0000 2416.8372   12.2483
    0.0000  -45.0000  -45.0000 2440.7498   12.1403
    7.5000  -45.0000  -45.0000 2429.9136   12.1592
   -7.5000  -37.5000  -45.0000 2446.8433   11.9933
    0.0000  -37.5000  -45.0000 2467.0793   11.9061
    7.5000  -37.5000  -45.0000 2455.7693   11.9110
   -7.5000  -30.0000  -45.0000 2465.8828   11.7665
    0.0000  -30.0000  -45.0000 2480.2261   11.7068
    7.5000  -30.0000  -45.0000 2472.6729   11.7149
   -7.5000  -22.5000  -45.0000 2477.4214   11.6311
    0.0000  -22.5000  -45.0000 2492.7012   11.5883
    7.5000  -22.5000  -45.0000 2479.5911   11.5985
   -7.5000  -15.0000  -45.0000 2473.0903   11.6113
    0.0000  -15.0000  -45.0000 2493.2375   11.5584
    7.5000  -15.0000  -45.0000 2473.5000   11.5875
   -7.5000   -7.5000  -45.0000 2462.8037   11.6161
    0.0000   -7.5000  -45.0000 2483.3228   11.5802
    7.5000   -7.5000  -45.0000 2463.8933   11.6113
   -7.5000    0.0000  -45.0000 2450.4546   11.7616
    0.0000    0.0000  -45.0000 2471.6765   11.6966
    7.5000    0.0000  -45.0000 2453.3096   11.7383
   -7.5000    7.5000  -45.0000 2428.5881   12.0371
    0.0000    7.5000  -45.0000 2451.0903   12.0156
    7.5000    7.5000  -45.0000 2428.7478   12.0410
   -7.5000   15.0000  -45.0000 2385.4902   12.5804
    0.0000   15.0000  -45.0000 2409.3840   12.5329
    7.5000   15.0000  -45.0000 2383.3723   12.5945
   -7.5000   22.5000  -45.0000 2331.2109   13.3398
    0.0000   22.5000  -45.0000 2350.3657   13.2784
    7.5000   22.5000  -45.0000 2331.1611   13.3240
   -7.5000   30.0000  -45.0000 2252.9109   14.3483
    0.0000   30.0000  -45.0000 2272.0122   14.2620
    7.5000   30.0000  -45.0000 2252.3503   14.3482
   -7.5000   37.5000  -45.0000 2158.8711   15.5856
    0.0000   37.5000  -45.0000 2175.9175   15.4711
    7.5000   37.5000  -45.0000 2156.0803   15.6081
   -7.5000   45.0000  -45.0000 2042.7297   17.2482
    0.0000   45.0000  -45.0000 2057.4756   17.0862
    7.5000   45.0000  -45.0000 2038.2308   17.2692
   -7.5000  -45.0000  -37.5000 2505.5334   11.3974
    0.0000  -45.0000  -37.5000 2535.2649   11.2723
    7.5000  -45.0000  -37.5000 2522.2092   11.2826
   -7.5000  -37.5000  -37.5000 2537.0850   11.1532
    0.0000  -37.5000  -37.5000 2566.4045   11.0466
    7.5000  -37.5000  -37.5000 2549.4084   11.0666
   -7.5000  -30.0000  -37.5000 2554.1467   10.9672
    0.0000  -30.0000  -37.5000 2578.9792   10.8834
    7.5000  -30.0000  -37.5000 2565.6021   10.8957
   -7.5000  -22.5000  -37.5000 2566.1360   10.8354
    0.0000  -22.5000  -37.5000 2582.5071   10.7842
    7.5000  -22.5000  -37.5000 2573.3291   10.7698
   -7.5000  -15.0000  -37.5000 2568.8123   10.7850
    0.0000  -15.0000  -37.5000 2585.2400   10.7403
    7.5000  -15.0000  -37.5000 2571.8069   10.7327
   -7.5000   -7.5000  -37.5000 2564.3127   10.7870
    0.0000   -7.5000  -37.5000 2584.5007   10.7651
    7.5000   -7.5000  -37.5000 2564.8701   10.7795
   -7.5000    0.0000  -37.5000 2550.2048   10.9047
    0.0000    0.0000  -37.5000 2569.8831   10.8847
    7.5000    0.0000  -37.5000 2549.1975   10.9100
   -7.5000    7.5000  -37.5000 2524.8225   11.1811
    0.0000    7.5000  -37.5000 2548.6787   11.1592
    7.5000    7.5000  -37.5000 2522.3386   11.1910
   -7.5000   15.0000  -37.5000 2479.5332   11.6914
    0.0000   15.0000  -37.5000 2503.7446   11.6350
    7.5000   15.0000  -37.5000 2478.5000   11.6775
   -7.5000   22.5000  -37.5000 2422.3950   12.3825
    0.0000   22.5000  -37.5000 2441.5640   12.3173
    7.5000   22.5000  -37.5000 2420.0068   12.3501
   -7.5000   30.0000  -37.5000 2339.6196   13.2871
    0.0000   30.0000  -37.5000 2359.8777   13.2085
    7.5000   30.0000  -37.5000 2338.6304   13.2666
   -7.5000   37.5000  -37.5000 2236.7258   14.4592
    0.0000   37.5000  -37.5000 2255.5195   14.3596
    7.5000   37.5000  -37.5000 2236.6545   14.4497
   -7.5000   45.0000  -37.5000 2115.3450   15.9955
    0.0000   45.0000  -37.5000 2134.2964   15.8620
    7.5000   45.0000  -37.5000 2113.8042   15.9721
   -7.5000  -45.0000  -30.0000 2630.5525   11.0156
    0.0000  -45.0000  -30.0000 2660.6497   10.8847
    7.5000  -45.0000  -30.0000 2650.9885   10.9028
   -7.5000  -37.5000  -30.0000 2658.1580   10.7746
    0.0000  -37.5000  -30.0000 2687.7571   10.6503
    7.5000  -37.5000  -30.0000 2673.4731   10.6853
   -7.5000  -30.0000  -30.0000 2675.9790   10.5659
    0.0000  -30.0000  -30.0000 2702.0735   10.4536
    7.5000  -30.0000  -30.0000 2689.8315   10.4893
   -7.5000  -22.5000  -30.0000 2687.2896   10.4253
    0.0000  -22.5000  -30.0000 2710.9749   10.3520
    7.5000  -22.5000  -30.0000 2700.7417   10.3542
   -7.5000  -15.0000  -30.0000 2696.4250   10.3678
    0.0000  -15.0000  -30.0000 2717.1199   10.3112
    7.5000  -15.0000  -30.0000 2705.8328   10.3097
   -7.5000   -7.5000  -30.0000 2699.5820   10.3561
    0.0000   -7.5000  -30.0000 2727.3250   10.3419
    7.5000   -7.5000  -30.0000 2703.9092   10.3464
   -7.5000    0.0000  -30.0000 2691.5051   10.4713
    0.0000    0.0000  -30.0000 2715.0918   10.4563
    7.5000    0.0000  -30.0000 2692.1497   10.4714
   -7.5000    7.5000  -30.0000 2662.6079   10.7666
    0.0000    7.5000  -30.0000 2694.9709   10.7307
    7.5000    7.5000  -30.0000 2667.0894   10.7638
   -7.5000   15.0000  -30.0000 2620.5671   11.2717
    0.0000   15.0000  -30.0000 2647.8706   11.2021
    7.5000   15.0000  -30.0000 2622.6865   11.2301
   -7.5000   22.5000  -30.0000 2554.4978   11.9204
    0.0000   22.5000  -30.0000 2577.9082   11.8528
    7.5000   22.5000  -30.0000 2555.3296   11.8636
   -7.5000   30.0000  -30.0000 2460.6895   12.7761
    0.0000   30.0000  -30.0000 2478.9163   12.6915
    7.5000   30.0000  -30.0000 2459.3250   12.7338
   -7.5000   37.5000  -30.0000 2346.6543   13.9395
    0.0000   37.5000  -30.0000 2366.4744   13.8476
    7.5000   37.5000  -30.0000 2351.5647   13.9077
   -7.5000   45.0000  -30.0000 2218.7395   15.4167
    0.0000   45.0000  -30.0000 2240.8176   15.3215
    7.5000   45.0000  -30.0000 2223.7490   15.3719
   -7.5000  -45.0000  -22.5000 2713.2297   10.6179
    0.0000  -45.0000  -22.5000 2743.7849   10.4594
    7.5000  -45.0000  -22.5000 2734.9863   10.4951
   -7.5000  -37.5000  -22.5000 2734.5386   10.3609
    0.0000  -37.5000  -22.5000 2767.2502   10.2146
    7.5000  -37.5000  -22.5000 2755.6211   10.2407
   -7.5000  -30.0000  -22.5000 2756.2175   10.1256
    0.0000  -30.0000  -22.5000 2789.0005   10.0087
    7.5000  -30.0000  -22.5000 2779.1675   10.0489
   -7.5000  -22.5000  -22.5000 2772.6819    9.9746
    0.0000  -22.5000  -22.5000 2805.0190    9.8624
    7.5000  -22.5000  -22.5000 2792.4082    9.8985
   -7.5000  -15.0000  -22.5000 2787.0288    9.9083
    0.0000  -15.0000  -22.5000 2818.0432    9.8042
    7.5000  -15.0000  -22.5000 2802.1646    9.8402
   -7.5000   -7.5000  -22.5000 2799.7422    9.9103
    0.0000   -7.5000  -22.5000 2832.8386    9.8244
    7.5000   -7.5000  -22.5000 2806.9629    9.8502
   -7.5000    0.0000  -22.5000 2805.2346    9.9986
    0.0000    0.0000  -22.5000 2830.7439    9.9282
    7.5000    0.0000  -22.5000 2802.0525    9.9653
   -7.5000    7.5000  -22.5000 2779.1301   10.3016
    0.0000    7.5000  -22.5000 2810.1992   10.2269
    7.5000    7.5000  -22.5000 2781.2166   10.2632
   -7.5000   15.0000  -22.5000 2727.2568   10.7789
    0.0000   15.0000  -22.5000 2759.5693   10.7041
    7.5000   15.0000  -22.5000 2736.1248   10.7167
   -7.5000   22.5000  -22.5000 2653.0588   11.4065
    0.0000   22.5000  -22.5000 2679.1526   11.3353
    7.5000   22.5000  -22.5000 2658.7695   11.3520
   -7.5000   30.0000  -22.5000 2553.5276   12.2437
    0.0000   30.0000  -22.5000 2573.0901   12.1596
    7.5000   30.0000  -22.5000 2556.8440   12.2043
   -7.5000   37.5000  -22.5000 2429.5012   13.3904
    0.0000   37.5000  -22.5000 2450.1208   13.3003
    7.5000   37.5000  -22.5000 2436.0303   13.3631
   -7.5000   45.0000  -22.5000 2299.5918   14.8267
    0.0000   45.0000  -22.5000 2318.0850   14.7278
    7.5000   45.0000  -22.5000 2306.5732   14.8051
   -7.5000  -45.0000  -15.0000 2757.1846   10.2524
    0.0000  -45.0000  -15.0000 2794.0137   10.0573
    7.5000  -45.0000  -15.0000 2781.3469   10.0907
   -7.5000  -37.5000  -15.0000 2778.3474    9.9683
    0.0000  -37.5000  -15.0000 2811.5764    9.7973
    7.5000  -37.5000  -15.0000 2800.0183    9.8243
   -7.5000  -30.0000  -15.0000 2800.7344    9.7432
    0.0000  -30.0000  -15.0000 2833.7156    9.5785
    7.5000  -30.0000  -15.0000 2822.1318    9.6157
   -7.5000  -22.5000  -15.0000 2827.8403    9.5733
    0.0000  -22.5000  -15.0000 2855.5981    9.4150
    7.5000  -22.5000  -15.0000 2843.1367    9.4616
   -7.5000  -15.0000  -15.0000 2852.1831    9.5068
    0.0000  -15.0000  -15.0000 2877.5352    9.3442
    7.5000  -15.0000  -15.0000 2862.7278    9.4114
   -7.5000   -7.5000  -15.0000 2871.2068    9.5228
    0.0000   -7.5000  -15.0000 2904.8684    9.3579
    7.5000   -7.5000  -15.0000 2878.1995    9.4148
   -7.5000    0.0000  -15.0000 2878.0610    9.5766
    0.0000    0.0000  -15.0000 2905.4062    9.4083
    7.5000    0.0000  -15.0000 2876.3330    9.5172
   -7.5000    7.5000  -15.0000 2857.4417    9.8813
    0.0000    7.5000  -15.0000 2884.3870    9.7372
    7.5000    7.5000  -15.0000 2861.5161    9.8110
   -7.5000   15.0000  -15.0000 2798.6150   10.3312
    0.0000   15.0000  -15.0000 2832.8894   10.2091
    7.5000   15.0000  -15.0000 2809.4226   10.2710
   -7.5000   22.5000  -15.0000 2719.5173   10.9555
    0.0000   22.5000  -15.0000 2747.3877   10.8311
    7.5000   22.5000  -15.0000 2727.2571   10.8997
   -7.5000   30.0000  -15.0000 2612.3516   11.8079
    0.0000   30.0000  -15.0000 2635.9543   11.6626
    7.5000   30.0000  -15.0000 2618.0359   11.7621
   -7.5000   37.5000  -15.0000 2486.5979   12.9341
    0.0000   37.5000  -15.0000 2509.2173   12.7946
    7.5000   37.5000  -15.0000 2491.8899   12.8814
   -7.5000   45.0000  -15.0000 2352.9485   14.3542
    0.0000   45.0000  -15.0000 2374.1450   14.2011
    7.5000   45.0000  -15.0000 2355.7671   14.2827
   -7.5000  -45.0000   -7.5000 2779.8213    9.9103
    0.0000  -45.0000   -7.5000 2811.1616    9.7030
    7.5000  -45.0000   -7.5000 2804.9556    9.7257
   -7.5000  -37.5000   -7.5000 2798.0674    9.6303
    0.0000  -37.5000   -7.5000 2831.6777    9.4394
    7.5000  -37.5000   -7.5000 2822.3784    9.4593
   -7.5000  -30.0000   -7.5000 2826.5317    9.4031
    0.0000  -30.0000   -7.5000 2857.2407    9.2129
    7.5000  -30.0000   -7.5000 2846.6465    9.2498
   -7.5000  -22.5000   -7.5000 2859.1646    9.2339
    0.0000  -22.5000   -7.5000 2885.6401    9.0391
    7.5000  -22.5000   -7.5000 2869.0667    9.0913
   -7.5000  -15.0000   -7.5000 2893.6577    9.1851
    0.0000  -15.0000   -7.5000 2918.2153    8.9968
    7.5000  -15.0000   -7.5000 2901.3916    9.0544
   -7.5000   -7.5000   -7.5000 2924.2385    9.2562
    0.0000   -7.5000   -7.5000 2954.2878    9.0687
    7.5000   -7.5000   -7.5000 2927.8240    9.1253
   -7.5000    0.0000   -7.5000 2938.1699    9.3149
    0.0000    0.0000   -7.5000 2967.0364    9.0661
    7.5000    0.0000   -7.5000 2937.2654    9.2557
   -7.5000    7.5000   -7.5000 2916.0415    9.5630
    0.0000    7.5000   -7.5000 2943.6782    9.3663
    7.5000    7.5000   -7.5000 2922.9021    9.4913
   -7.5000   15.0000   -7.5000 2848.0176    9.9797
    0.0000   15.0000   -7.5000 2879.6135    9.8374
    7.5000   15.0000   -7.5000 2859.8167    9.9049
   -7.5000   22.5000   -7.5000 2762.2952   10.5665
    0.0000   22.5000   -7.5000 2795.3960   10.4388
    7.5000   22.5000   -7.5000 2770.8950   10.5039
   -7.5000   30.0000   -7.5000 2648.6765   11.3981
    0.0000   30.0000   -7.5000 2679.1255   11.2823
    7.5000   30.0000   -7.5000 2657.0542   11.3367
   -7.5000   37.5000   -7.5000 2521.5503   12.4982
    0.0000   37.5000   -7.5000 2548.5142   12.3914
    7.5000   37.5000   -7.5000 2526.5698   12.4288
   -7.5000   45.0000   -7.5000 2385.6833   13.8722
    0.0000   45.0000   -7.5000 2409.0732   13.7801
    7.5000   45.0000   -7.5000 2386.5522   13.8447
   -7.5000  -45.0000    0.0000 2790.6091    9.7097
    0.0000  -45.0000    0.0000 2816.6853    9.4864
    7.5000  -45.0000    0.0000 2813.3918    9.5093
   -7.5000  -37.5000    0.0000 2809.7085    9.4567
    0.0000  -37.5000    0.0000 2836.3894    9.2410
    7.5000  -37.5000    0.0000 2829.5168    9.2699
   -7.5000  -30.0000    0.0000 2841.2512    9.2337
    0.0000  -30.0000    0.0000 2861.6128    9.0099
    7.5000  -30.0000    0.0000 2857.6494    9.0427
   -7.5000  -22.5000    0.0000 2876.4844    9.0684
    0.0000  -22.5000    0.0000 2896.4434    8.8541
    7.5000  -22.5000    0.0000 2888.7219    8.9017
   -7.5000  -15.0000    0.0000 2916.9331    9.0031
    0.0000  -15.0000    0.0000 2940.1990    8.8184
    7.5000  -15.0000    0.0000 2924.8240    8.8760
   -7.5000   -7.5000    0.0000 2958.2700    9.0703
    0.0000   -7.5000    0.0000 2993.4104    8.9611
    7.5000   -7.5000    0.0000 2962.1958    8.9815
   -7.5000    0.0000    0.0000 2976.4292    9.2017
    0.0000    0.0000    0.0000 3018.2307    9.1004
    7.5000    0.0000    0.0000 2981.8223    9.1703
   -7.5000    7.5000    0.0000 2950.4688    9.4086
    0.0000    7.5000    0.0000 2996.0603    9.3062
    7.5000    7.5000    0.0000 2960.5879    9.3661
   -7.5000   15.0000    0.0000 2882.5361    9.7387
    0.0000   15.0000    0.0000 2918.3452    9.6381
    7.5000   15.0000    0.0000 2889.9751    9.6799
   -7.5000   22.5000    0.0000 2788.7815   10.3021
    0.0000   22.5000    0.0000 2819.3088   10.1680
    7.5000   22.5000    0.0000 2798.0212   10.2169
   -7.5000   30.0000    0.0000 2672.2852   11.1458
    0.0000   30.0000    0.0000 2699.1934   11.0093
    7.5000   30.0000    0.0000 2679.1455   11.0543
   -7.5000   37.5000    0.0000 2541.5964   12.2509
    0.0000   37.5000    0.0000 2565.3435   12.1296
    7.5000   37.5000    0.0000 2544.5859   12.1840
   -7.5000   45.0000    0.0000 2399.4683   13.6175
    0.0000   45.0000    0.0000 2422.1865   13.5276
    7.5000   45.0000    0.0000 2398.3892   13.5931
   -7.5000  -45.0000    7.5000 2796.4463    9.6795
    0.0000  -45.0000    7.5000 2820.7095    9.4053
    7.5000  -45.0000    7.5000 2822.2603    9.4303
   -7.5000  -37.5000    7.5000 2816.9429    9.4733
    0.0000  -37.5000    7.5000 2837.8108    9.2276
    7.5000  -37.5000    7.5000 2833.6963    9.2632
   -7.5000  -30.0000    7.5000 2843.7966    9.2594
    0.0000  -30.0000    7.5000 2865.0847    9.0666
    7.5000  -30.0000    7.5000 2855.6624    9.0986
   -7.5000  -22.5000    7.5000 2876.9722    9.1106
    0.0000  -22.5000    7.5000 2902.0703    8.9524
    7.5000  -22.5000    7.5000 2888.1270    8.9864
   -7.5000  -15.0000    7.5000 2918.2075    9.0298
    0.0000  -15.0000    7.5000 2948.8013    8.8985
    7.5000  -15.0000    7.5000 2927.4678    8.9336
   -7.5000   -7.5000    7.5000 2963.8528    9.0755
    0.0000   -7.5000    7.5000 3011.3711    8.9734
    7.5000   -7.5000    7.5000 2969.2483    9.0081
   -7.5000    0.0000    7.5000 2988.6367    9.1989
    0.0000    0.0000    7.5000 3039.8499    9.1104
    7.5000    0.0000    7.5000 2998.6604    9.1668
   -7.5000    7.5000    7.5000 2957.4377    9.4270
    0.0000    7.5000    7.5000 3014.4568    9.3472
    7.5000    7.5000    7.5000 2972.8149    9.3760
   -7.5000   15.0000    7.5000 2884.2737    9.7565
    0.0000   15.0000    7.5000 2934.8066    9.6493
    7.5000   15.0000    7.5000 2894.8074    9.7164
   -7.5000   22.5000    7.5000 2790.9434   10.3012
    0.0000   22.5000    7.5000 2827.1929   10.1969
    7.5000   22.5000    7.5000 2799.2004   10.2377
   -7.5000   30.0000    7.5000 2671.5552   11.1235
    0.0000   30.0000    7.5000 2700.8223   11.0143
    7.5000   30.0000    7.5000 2680.0381   11.0378
   -7.5000   37.5000    7.5000 2545.1233   12.1991
    0.0000   37.5000    7.5000 2563.9441   12.0878
    7.5000   37.5000    7.5000 2549.5115   12.1258
   -7.5000   45.0000    7.5000 2398.9324   13.5563
    0.0000   45.0000    7.5000 2421.1130   13.4527
    7.5000   45.0000    7.5000 2403.7292   13.5108
   -7.5000  -45.0000   15.0000 2787.4778    9.8444
    0.0000  -45.0000   15.0000 2817.7209    9.5830
    7.5000  -45.0000   15.0000 2815.0515    9.6123
   -7.5000  -37.5000   15.0000 2807.6531    9.6347
    0.0000  -37.5000   15.0000 2836.0195    9.4105
    7.5000  -37.5000   15.0000 2826.4473    9.4448
   -7.5000  -30.0000   15.0000 2835.4478    9.4388
    0.0000  -30.0000   15.0000 2863.5583    9.2515
    7.5000  -30.0000   15.0000 2846.7874    9.2953
   -7.5000  -22.5000   15.0000 2864.1345    9.2815
    0.0000  -22.5000   15.0000 2892.0176    9.1185
    7.5000  -22.5000   15.0000 2875.9341    9.1692
   -7.5000  -15.0000   15.0000 2902.6836    9.2171
    0.0000  -15.0000   15.0000 2933.1719    9.0596
    7.5000  -15.0000   15.0000 2912.2407    9.1128
   -7.5000   -7.5000   15.0000 2943.5129    9.2620
    0.0000   -7.5000   15.0000 2994.6047    9.0940
    7.5000   -7.5000   15.0000 2954.0474    9.1935
   -7.5000    0.0000   15.0000 2962.9016    9.3399
    0.0000    0.0000   15.0000 3010.7693    9.1533
    7.5000    0.0000   15.0000 2974.0537    9.2936
   -7.5000    7.5000   15.0000 2932.0339    9.5579
    0.0000    7.5000   15.0000 2980.6960    9.3704
    7.5000    7.5000   15.0000 2946.7705    9.4843
   -7.5000   15.0000   15.0000 2861.5425    9.9535
    0.0000   15.0000   15.0000 2911.7080    9.7804
    7.5000   15.0000   15.0000 2878.5413    9.8739
   -7.5000   22.5000   15.0000 2768.5264   10.5235
    0.0000   22.5000   15.0000 2803.3086   10.3899
    7.5000   22.5000   15.0000 2782.6853   10.4294
   -7.5000   30.0000   15.0000 2651.6467   11.3210
    0.0000   30.0000   15.0000 2675.0637   11.2063
    7.5000   30.0000   15.0000 2659.2290   11.2436
   -7.5000   37.5000   15.0000 2528.5317   12.3402
    0.0000   37.5000   15.0000 2547.3567   12.2274
    7.5000   37.5000   15.0000 2531.7415   12.2857
   -7.5000   45.0000   15.0000 2381.9629   13.6540
    0.0000   45.0000   15.0000 2406.5427   13.5674
    7.5000   45.0000   15.0000 2385.8333   13.5971
   -7.5000  -45.0000   22.5000 2761.0112   10.1187
    0.0000  -45.0000   22.5000 2791.3823    9.8386
    7.5000  -45.0000   22.5000 2783.8792    9.8773
   -7.5000  -37.5000   22.5000 2779.7305    9.9021
    0.0000  -37.5000   22.5000 2813.3562    9.6438
    7.5000  -37.5000   22.5000 2801.7495    9.6853
   -7.5000  -30.0000   22.5000 2803.8560    9.6913
    0.0000  -30.0000   22.5000 2835.7749    9.4805
    7.5000  -30.0000   22.5000 2820.6399    9.5304
   -7.5000  -22.5000   22.5000 2832.4170    9.5664
    0.0000  -22.5000   22.5000 2865.0283    9.3566
    7.5000  -22.5000   22.5000 2844.6484    9.4225
   -7.5000  -15.0000   22.5000 2871.0923    9.5381
    0.0000  -15.0000   22.5000 2903.5256    9.3358
    7.5000  -15.0000   22.5000 2879.8538    9.4101
   -7.5000   -7.5000   22.5000 2907.1665    9.5881
    0.0000   -7.5000   22.5000 2947.5718    9.3746
    7.5000   -7.5000   22.5000 2914.2871    9.5038
   -7.5000    0.0000   22.5000 2906.6853    9.6540
    0.0000    0.0000   22.5000 2940.4514    9.4256
    7.5000    0.0000   22.5000 2915.6187    9.5759
   -7.5000    7.5000   22.5000 2872.9880    9.8874
    0.0000    7.5000   22.5000 2910.7534    9.7001
    7.5000    7.5000   22.5000 2883.3152    9.7965
   -7.5000   15.0000   22.5000 2812.2793   10.2829
    0.0000   15.0000   22.5000 2850.7854   10.1242
    7.5000   15.0000   22.5000 2824.5627   10.2056
   -7.5000   22.5000   22.5000 2724.0476   10.8763
    0.0000   22.5000   22.5000 2754.1904   10.7252
    7.5000   22.5000   22.5000 2736.5540   10.7756
   -7.5000   30.0000   22.5000 2609.5051   11.6610
    0.0000   30.0000   22.5000 2636.7043   11.5142
    7.5000   30.0000   22.5000 2619.1819   11.5677
   -7.5000   37.5000   22.5000 2488.2732   12.6576
    0.0000   37.5000   22.5000 2511.0847   12.5345
    7.5000   37.5000   22.5000 2496.6523   12.5977
   -7.5000   45.0000   22.5000 2350.7305   13.9500
    0.0000   45.0000   22.5000 2374.5601   13.8416
    7.5000   45.0000   22.5000 2356.8445   13.8948
   -7.5000  -45.0000   30.0000 2720.3164   10.4583
    0.0000  -45.0000   30.0000 2751.4153   10.1189
    7.5000  -45.0000   30.0000 2747.1013   10.1656
   -7.5000  -37.5000   30.0000 2742.3608   10.2318
    0.0000  -37.5000   30.0000 2776.2256    9.9281
    7.5000  -37.5000   30.0000 2765.2952    9.9676
   -7.5000  -30.0000   30.0000 2766.3320   10.0517
    0.0000  -30.0000   30.0000 2797.5542    9.7888
    7.5000  -30.0000   30.0000 2781.4780    9.8323
   -7.5000  -22.5000   30.0000 2795.1174    9.9509
    0.0000  -22.5000   30.0000 2826.4878    9.7188
    7.5000  -22.5000   30.0000 2808.2578    9.7813
   -7.5000  -15.0000   30.0000 2824.9167    9.9724
    0.0000  -15.0000   30.0000 2858.1519    9.7439
    7.5000  -15.0000   30.0000 2835.3274    9.8161
   -7.5000   -7.5000   30.0000 2848.9050   10.0178
    0.0000   -7.5000   30.0000 2881.1240    9.7743
    7.5000   -7.5000   30.0000 2853.4915    9.9084
   -7.5000    0.0000   30.0000 2834.2512   10.0825
    0.0000    0.0000   30.0000 2866.6750    9.8710
    7.5000    0.0000   30.0000 2842.8953    9.9845
   -7.5000    7.5000   30.0000 2800.0454   10.3524
    0.0000    7.5000   30.0000 2833.2092   10.1749
    7.5000    7.5000   30.0000 2809.5737   10.2592
   -7.5000   15.0000   30.0000 2739.4463   10.7762
    0.0000   15.0000   30.0000 2767.4932   10.6041
    7.5000   15.0000   30.0000 2748.0403   10.6704
   -7.5000   22.5000   30.0000 2654.2341   11.3697
    0.0000   22.5000   30.0000 2682.0122   11.2072
    7.5000   22.5000   30.0000 2664.4570   11.2541
   -7.5000   30.0000   30.0000 2549.5557   12.1377
    0.0000   30.0000   30.0000 2577.6221   11.9640
    7.5000   30.0000   30.0000 2557.7649   12.0175
   -7.5000   37.5000   30.0000 2435.0522   13.1205
    0.0000   37.5000   30.0000 2464.0261   12.9717
    7.5000   37.5000   30.0000 2444.4907   13.0393
   -7.5000   45.0000   30.0000 2304.6804   14.4132
    0.0000   45.0000   30.0000 2328.3032   14.2690
    7.5000   45.0000   30.0000 2310.1191   14.3152
   -7.5000  -45.0000   37.5000 2678.7383   10.8144
    0.0000  -45.0000   37.5000 2716.5154   10.4542
    7.5000  -45.0000   37.5000 2712.8735   10.4968
   -7.5000  -37.5000   37.5000 2699.9841   10.6156
    0.0000  -37.5000   37.5000 2736.6758   10.2854
    7.5000  -37.5000   37.5000 2729.5110   10.3356
   -7.5000  -30.0000   37.5000 2724.7781   10.4583
    0.0000  -30.0000   37.5000 2758.9917   10.1819
    7.5000  -30.0000   37.5000 2746.4917   10.2328
   -7.5000  -22.5000   37.5000 2747.9556   10.4128
    0.0000  -22.5000   37.5000 2779.9756   10.1562
    7.5000  -22.5000   37.5000 2764.7048   10.2077
   -7.5000  -15.0000   37.5000 2766.6899   10.4830
    0.0000  -15.0000   37.5000 2803.0066   10.2372
    7.5000  -15.0000   37.5000 2779.2136   10.2946
   -7.5000   -7.5000   37.5000 2779.3411   10.5174
    0.0000   -7.5000   37.5000 2806.5090   10.2907
    7.5000   -7.5000   37.5000 2782.3062   10.3891
   -7.5000    0.0000   37.5000 2759.4109   10.6333
    0.0000    0.0000   37.5000 2792.0352   10.4507
    7.5000    0.0000   37.5000 2764.8354   10.5250
   -7.5000    7.5000   37.5000 2723.6321   10.9312
    0.0000    7.5000   37.5000 2754.9915   10.7594
    7.5000    7.5000   37.5000 2733.9458   10.8200
   -7.5000   15.0000   37.5000 2660.5974   11.3640
    0.0000   15.0000   37.5000 2688.7358   11.2031
    7.5000   15.0000   37.5000 2673.1892   11.2710
   -7.5000   22.5000   37.5000 2576.8379   11.9555
    0.0000   22.5000   37.5000 2607.0662   11.7928
    7.5000   22.5000   37.5000 2589.1423   11.8438
   -7.5000   30.0000   37.5000 2478.9697   12.7135
    0.0000   30.0000   37.5000 2507.1433   12.5430
    7.5000   30.0000   37.5000 2485.9946   12.5866
   -7.5000   37.5000   37.5000 2375.1584   13.6723
    0.0000   37.5000   37.5000 2398.4504   13.5486
    7.5000   37.5000   37.5000 2381.0747   13.5994
   -7.5000   45.0000   37.5000 2249.2205   14.9539
    0.0000   45.0000   37.5000 2268.9517   14.8191
    7.5000   45.0000   37.5000 2254.0020   14.8839
   -7.5000  -45.0000   45.0000 2627.5999   11.2898
    0.0000  -45.0000   45.0000 2666.9949   10.9401
    7.5000  -45.0000   45.0000 2660.1802   10.9610
   -7.5000  -37.5000   45.0000 2648.8999   11.1020
    0.0000  -37.5000   45.0000 2684.0786   10.7808
    7.5000  -37.5000   45.0000 2679.2734   10.8053
   -7.5000  -30.0000   45.0000 2671.7244   10.9861
    0.0000  -30.0000   45.0000 2706.1514   10.6810
    7.5000  -30.0000   45.0000 2698.3850   10.7175
   -7.5000  -22.5000   45.0000 2689.6855   10.9724
    0.0000  -22.5000   45.0000 2723.2795   10.6899
    7.5000  -22.5000   45.0000 2709.7419   10.7454
   -7.5000  -15.0000   45.0000 2705.1899   11.0622
    0.0000  -15.0000   45.0000 2737.7273   10.7955
    7.5000  -15.0000   45.0000 2715.1929   10.8618
   -7.5000   -7.5000   45.0000 2703.7898   11.1325
    0.0000   -7.5000   45.0000 2727.0525   10.9324
    7.5000   -7.5000   45.0000 2709.1973   10.9869
   -7.5000    0.0000   45.0000 2678.1289   11.3117
    0.0000    0.0000   45.0000 2708.0391   11.1442
    7.5000    0.0000   45.0000 2686.1897   11.2031
   -7.5000    7.5000   45.0000 2639.0049   11.6368
    0.0000    7.5000   45.0000 2667.0110   11.4535
    7.5000    7.5000   45.0000 2652.4319   11.5265
   -7.5000   15.0000   45.0000 2576.5378   12.0823
    0.0000   15.0000   45.0000 2603.8257   11.9151
    7.5000   15.0000   45.0000 2590.5305   11.9848
   -7.5000   22.5000   45.0000 2499.8418   12.6521
    0.0000   22.5000   45.0000 2526.7261   12.4895
    7.5000   22.5000   45.0000 2509.4963   12.5402
   -7.5000   30.0000   45.0000 2405.5232   13.4122
    0.0000   30.0000   45.0000 2429.8127   13.2358
    7.5000   30.0000   45.0000 2415.3975   13.2914
   -7.5000   37.5000   45.0000 2305.4006   14.3730
    0.0000   37.5000   45.0000 2324.8025   14.2371
    7.5000   37.5000   45.0000 2309.3347   14.2954
   -7.5000   45.0000   45.0000 2182.4885   15.6746
    0.0000   45.0000   45.0000 2197.0093   15.5474
    7.5000   45.0000   45.0000 2184.8032   15.6262

---------------------------------------------------------------------
imgreg_4dfp /autofs/vast/freesurfer/centos7_x86_64/7.2.0-beta/average/711-2C_as_mni_average_305 /autofs/vast/freesurfer/centos7_x86_64/7.2.0-beta/average/711-2B_as_mni_average_305_mask talsrcimg_g11 none talsrcimg_to_711-2C_as_mni_average_305_t4 1283
---------------------------------------------------------------------

freesurfer imgreg_4dfp.c
/autofs/vast/freesurfer/centos7_x86_64/7.2.0-beta/average/711-2C_as_mni_average_305.4dfp.img
       256       256       256         1
  1.000000  1.000000  1.000000
orientation T byte_order littleendian
Reading image: /autofs/vast/freesurfer/centos7_x86_64/7.2.0-beta/average/711-2C_as_mni_average_305.4dfp.img
dimensions:      256       256       256
mmppix:       1.0000   -1.0000   -1.0000
center:     128.0000 -129.0000 -129.0000
/autofs/vast/freesurfer/centos7_x86_64/7.2.0-beta/average/711-2B_as_mni_average_305_mask.4dfp.img
       256       256       256         1
  1.000000  1.000000  1.000000
orientation T byte_order littleendian
Reading mask: /autofs/vast/freesurfer/centos7_x86_64/7.2.0-beta/average/711-2B_as_mni_average_305_mask.4dfp.img (2306576 pixels)
talsrcimg_g11.4dfp.img
       256       256       256         1
  1.000000  1.000000  1.000000
orientation T byte_order littleendian
Reading image: talsrcimg_g11.4dfp.img
dimensions:      256       256       256
mmppix:       1.0000   -1.0000   -1.0000
center:     128.0000 -129.0000 -129.0000
rotation matrix determinant  1.000000
fimgreg.f
image alignment mode   1283 decimal      503 hex
parameters
    0.0000    0.0000    7.5000    0.0000    0.0000    0.0000
eta,q 0.95378  9.08724
niter,ni,del,rscale     5    3   12.0000    1.2000
parameters
    0.6360    0.3554    6.4361   -1.5022    0.5230    1.6374
eta,q 0.95721  9.04951
  0.0595  0.0542  0.0499  0.0465  0.0512  0.0509
  0.0536  0.0497  0.0465  0.0449  0.0490  0.0475
  0.0482  0.0461  0.0437  0.0437  0.0460  0.0450
  0.0449  0.0443  0.0441  0.0434  0.0435  0.0433
  0.0455  0.0455  0.0470  0.0454  0.0435  0.0428
  0.0498  0.0489  0.0507  0.0485  0.0459  0.0436
  0.0550  0.0518  0.0551  0.0521  0.0503  0.0458
niter,ni,del,rscale     4    3   12.0000    1.2000
parameters
    0.5582    1.1598    5.8062   -2.8989    0.3646    1.7077
eta,q 0.95688  9.07012
  0.0547  0.0539  0.0498  0.0453  0.0492  0.0481
  0.0499  0.0497  0.0464  0.0444  0.0472  0.0456
  0.0450  0.0451  0.0435  0.0433  0.0444  0.0440
  0.0428  0.0428  0.0429  0.0428  0.0431  0.0431
  0.0450  0.0437  0.0451  0.0437  0.0439  0.0437
  0.0497  0.0461  0.0487  0.0472  0.0468  0.0453
  0.0559  0.0496  0.0532  0.0511  0.0508  0.0480
niter,ni,del,rscale     3    3   12.0000    1.2000
parameters
    0.5144    1.9387    5.2733   -4.5599    0.3947    1.7155
eta,q 0.95646  9.07458
  0.0544  0.0527  0.0497  0.0447  0.0492  0.0478
  0.0500  0.0484  0.0463  0.0439  0.0469  0.0455
  0.0454  0.0442  0.0441  0.0436  0.0446  0.0443
  0.0431  0.0431  0.0435  0.0434  0.0435  0.0435
  0.0450  0.0441  0.0449  0.0435  0.0442  0.0440
  0.0495  0.0456  0.0481  0.0465  0.0463  0.0454
  0.0553  0.0486  0.0523  0.0507  0.0495  0.0480
niter,ni,del,rscale     2    3   12.0000    1.2000
parameters
    0.4427    3.0133    4.8967   -6.9987    0.2585    1.6923
eta,q 0.95677  9.09558
  0.0538  0.0515  0.0501  0.0435  0.0488  0.0471
  0.0499  0.0471  0.0463  0.0434  0.0464  0.0449
  0.0459  0.0443  0.0442  0.0432  0.0442  0.0437
  0.0435  0.0436  0.0437  0.0437  0.0432  0.0432
  0.0450  0.0439  0.0447  0.0441  0.0441  0.0436
  0.0493  0.0448  0.0477  0.0456  0.0463  0.0449
  0.0553  0.0469  0.0519  0.0499  0.0497  0.0472
niter,ni,del,rscale     1    3   12.0000    1.2000
parameters
    0.5357    4.2811    4.3048   -9.2436    0.1583    1.2139
eta,q 0.95769  9.10882
  0.0545  0.0503  0.0489  0.0434  0.0491  0.0461
  0.0500  0.0463  0.0455  0.0426  0.0464  0.0439
  0.0459  0.0441  0.0434  0.0423  0.0438  0.0427
  0.0432  0.0432  0.0429  0.0429  0.0423  0.0423
  0.0444  0.0429  0.0445  0.0438  0.0434  0.0431
  0.0489  0.0432  0.0476  0.0449  0.0463  0.0448
  0.0547  0.0460  0.0515  0.0474  0.0500  0.0476
registration optimization eta report
parameter search radius
    6.0000    6.0000    6.0000    6.0000    6.0000    6.0000
100000*second partial in parameter space
       30.       14.       20.        7.       19.       12.
  0.0545  0.0503  0.0489  0.0434  0.0491  0.0461
  0.0500  0.0463  0.0455  0.0426  0.0464  0.0439
  0.0459  0.0441  0.0434  0.0423  0.0438  0.0427
  0.0432  0.0432  0.0429  0.0429  0.0423  0.0423
  0.0444  0.0429  0.0445  0.0438  0.0434  0.0431
  0.0489  0.0432  0.0476  0.0449  0.0463  0.0448
  0.0547  0.0460  0.0515  0.0474  0.0500  0.0476
    0.5357    4.2811    4.3048   -9.2436    0.1583    1.2139
eta,q 0.95769  9.10882

---------------------------------------------------------------------
imgreg_4dfp /autofs/vast/freesurfer/centos7_x86_64/7.2.0-beta/average/711-2C_as_mni_average_305 /autofs/vast/freesurfer/centos7_x86_64/7.2.0-beta/average/711-2B_as_mni_average_305_mask talsrcimg_g11 none talsrcimg_to_711-2C_as_mni_average_305_t4 3335
---------------------------------------------------------------------

freesurfer imgreg_4dfp.c
/autofs/vast/freesurfer/centos7_x86_64/7.2.0-beta/average/711-2C_as_mni_average_305.4dfp.img
       256       256       256         1
  1.000000  1.000000  1.000000
orientation T byte_order littleendian
Reading image: /autofs/vast/freesurfer/centos7_x86_64/7.2.0-beta/average/711-2C_as_mni_average_305.4dfp.img
dimensions:      256       256       256
mmppix:       1.0000   -1.0000   -1.0000
center:     128.0000 -129.0000 -129.0000
/autofs/vast/freesurfer/centos7_x86_64/7.2.0-beta/average/711-2B_as_mni_average_305_mask.4dfp.img
       256       256       256         1
  1.000000  1.000000  1.000000
orientation T byte_order littleendian
Reading mask: /autofs/vast/freesurfer/centos7_x86_64/7.2.0-beta/average/711-2B_as_mni_average_305_mask.4dfp.img (2306576 pixels)
talsrcimg_g11.4dfp.img
       256       256       256         1
  1.000000  1.000000  1.000000
orientation T byte_order littleendian
Reading image: talsrcimg_g11.4dfp.img
dimensions:      256       256       256
mmppix:       1.0000   -1.0000   -1.0000
center:     128.0000 -129.0000 -129.0000
fimgreg.f
image alignment mode   3335 decimal      D07 hex
parameters
    0.5357    4.2811    4.3048   -0.0228   -1.3198   -1.2989
   -2.0466   -0.6130    2.1184   16.0538    0.2764  -16.0631
eta,q 0.95877  9.10379
niter,ni,del,rscale     5    3    5.0000    1.2000
parameter  4  2.771312 ->  0.500000 qaram    1.1500
parameter  5  3.585318 ->  0.500000 qaram    1.1500
parameters
    0.4111    4.3534    3.7896   -4.1628   -5.4598   -3.5768
   -3.6792    1.0290    2.5804   13.9775   -1.0750  -13.2713
eta,q 0.96799  8.74506
  0.0431  0.0424  0.0417  0.0347  0.0311  0.0333  0.0341  0.0374  0.0344  0.0333  0.0327  0.0338
  0.0421  0.0418  0.0414  0.0365  0.0324  0.0328  0.0331  0.0353  0.0334  0.0325  0.0324  0.0331
  0.0414  0.0414  0.0412  0.0388  0.0345  0.0328  0.0326  0.0336  0.0327  0.0322  0.0322  0.0326
  0.0412  0.0412  0.0412  0.0412  0.0371  0.0329  0.0328  0.0326  0.0324  0.0324  0.0322  0.0322
  0.0415  0.0413  0.0415  0.0438  0.0398  0.0332  0.0335  0.0324  0.0326  0.0331  0.0324  0.0320
  0.0423  0.0417  0.0419  0.0471  0.0425  0.0339  0.0346  0.0331  0.0331  0.0341  0.0327  0.0321
  0.0436  0.0423  0.0425  0.0505  0.0451  0.0353  0.0360  0.0346  0.0339  0.0353  0.0333  0.0324
niter,ni,del,rscale     6    3    5.0000    1.2000
parameter  4  1.161600 ->  0.500000 qaram    1.3225
parameter  5  0.770120 ->  0.500000 qaram    1.3225
parameters
    0.4164    4.7538    4.0180   -8.9238  -10.2208   -2.4410
   -3.2068    1.2044    2.9111   13.6299   -2.1621  -12.9595
eta,q 0.97328  8.49860
  0.0346  0.0349  0.0334  0.0283  0.0271  0.0294  0.0300  0.0306  0.0290  0.0291  0.0275  0.0281
  0.0332  0.0335  0.0326  0.0286  0.0268  0.0280  0.0284  0.0287  0.0279  0.0277  0.0270  0.0274
  0.0323  0.0325  0.0322  0.0298  0.0273  0.0271  0.0273  0.0273  0.0271  0.0269  0.0268  0.0269
  0.0320  0.0320  0.0320  0.0320  0.0288  0.0268  0.0268  0.0268  0.0268  0.0268  0.0268  0.0267
  0.0323  0.0320  0.0320  0.0347  0.0312  0.0269  0.0270  0.0271  0.0269  0.0272  0.0270  0.0268
  0.0332  0.0325  0.0323  0.0376  0.0342  0.0272  0.0278  0.0283  0.0276  0.0282  0.0275  0.0273
  0.0346  0.0334  0.0329  0.0411  0.0374  0.0281  0.0293  0.0303  0.0286  0.0294  0.0281  0.0279
niter,ni,del,rscale     7    3    5.0000    1.2000
parameters
    0.2542    5.3320    4.4245  -11.6024  -12.1174   -2.1833
   -3.2819    0.8102    2.9580   13.6691   -2.6011  -13.2744
eta,q 0.97371  8.33726
  0.0297  0.0305  0.0283  0.0285  0.0290  0.0284  0.0288  0.0295  0.0281  0.0289  0.0272  0.0274
  0.0279  0.0287  0.0274  0.0272  0.0274  0.0272  0.0275  0.0277  0.0271  0.0273  0.0267  0.0267
  0.0269  0.0274  0.0268  0.0264  0.0265  0.0265  0.0266  0.0265  0.0265  0.0265  0.0264  0.0264
  0.0267  0.0267  0.0265  0.0265  0.0263  0.0263  0.0263  0.0263  0.0263  0.0263  0.0263  0.0263
  0.0273  0.0266  0.0266  0.0279  0.0274  0.0265  0.0266  0.0270  0.0265  0.0266  0.0265  0.0265
  0.0286  0.0270  0.0269  0.0305  0.0297  0.0270  0.0275  0.0283  0.0271  0.0274  0.0269  0.0269
  0.0305  0.0280  0.0274  0.0336  0.0329  0.0281  0.0289  0.0301  0.0281  0.0287  0.0274  0.0276
niter,ni,del,rscale     6    3    5.0000    1.2000
parameters
    0.2837    5.5852    4.5651  -11.8492  -12.4845   -2.1939
   -3.3507    0.7371    3.0109   13.7840   -2.6943  -13.3898
eta,q 0.97370  8.31487
  0.0296  0.0291  0.0277  0.0298  0.0300  0.0282  0.0287  0.0298  0.0281  0.0290  0.0273  0.0275
  0.0278  0.0277  0.0270  0.0282  0.0282  0.0271  0.0274  0.0279  0.0271  0.0273  0.0267  0.0268
  0.0267  0.0267  0.0264  0.0270  0.0269  0.0264  0.0266  0.0266  0.0265  0.0265  0.0264  0.0264
  0.0263  0.0263  0.0263  0.0263  0.0263  0.0263  0.0263  0.0263  0.0263  0.0263  0.0263  0.0263
  0.0266  0.0264  0.0264  0.0265  0.0266  0.0266  0.0266  0.0268  0.0265  0.0266  0.0264  0.0265
  0.0277  0.0270  0.0268  0.0281  0.0283  0.0271  0.0275  0.0281  0.0271  0.0274  0.0268  0.0269
  0.0294  0.0281  0.0274  0.0306  0.0310  0.0282  0.0288  0.0298  0.0280  0.0286  0.0273  0.0275
niter,ni,del,rscale     5    3    5.0000    1.2000
parameters
    0.2871    5.6361    4.5639  -11.8603  -12.5285   -2.2132
   -3.3691    0.7300    3.0183   13.8263   -2.7067  -13.4458
eta,q 0.97369  8.31297
  0.0295  0.0287  0.0276  0.0299  0.0302  0.0282  0.0288  0.0299  0.0281  0.0289  0.0273  0.0275
  0.0277  0.0274  0.0269  0.0283  0.0284  0.0271  0.0274  0.0279  0.0271  0.0273  0.0268  0.0268
  0.0267  0.0266  0.0264  0.0271  0.0270  0.0264  0.0266  0.0267  0.0265  0.0265  0.0264  0.0264
  0.0263  0.0263  0.0263  0.0263  0.0263  0.0263  0.0263  0.0263  0.0263  0.0263  0.0263  0.0263
  0.0267  0.0265  0.0265  0.0265  0.0265  0.0266  0.0266  0.0268  0.0265  0.0267  0.0264  0.0265
  0.0277  0.0273  0.0269  0.0279  0.0281  0.0271  0.0275  0.0280  0.0271  0.0275  0.0268  0.0269
  0.0294  0.0285  0.0276  0.0304  0.0307  0.0282  0.0288  0.0298  0.0281  0.0287  0.0273  0.0275
niter,ni,del,rscale     4    3    5.0000    1.2000
parameters
    0.2861    5.6449    4.5571  -11.8611  -12.5277   -2.2213
   -3.3726    0.7259    3.0208   13.8442   -2.7076  -13.4607
eta,q 0.97369  8.31295
  0.0295  0.0286  0.0276  0.0299  0.0303  0.0282  0.0288  0.0299  0.0281  0.0289  0.0273  0.0275
  0.0277  0.0273  0.0269  0.0283  0.0284  0.0271  0.0275  0.0279  0.0271  0.0273  0.0268  0.0268
  0.0267  0.0266  0.0264  0.0271  0.0270  0.0264  0.0266  0.0267  0.0265  0.0265  0.0264  0.0264
  0.0263  0.0263  0.0263  0.0263  0.0263  0.0263  0.0263  0.0263  0.0263  0.0263  0.0263  0.0263
  0.0267  0.0266  0.0265  0.0265  0.0265  0.0266  0.0266  0.0268  0.0265  0.0267  0.0264  0.0265
  0.0277  0.0273  0.0269  0.0279  0.0280  0.0271  0.0275  0.0280  0.0271  0.0275  0.0268  0.0269
  0.0295  0.0286  0.0276  0.0304  0.0306  0.0282  0.0288  0.0298  0.0281  0.0287  0.0273  0.0275
registration optimization eta report
parameter search radius
    2.4000    2.4000    2.4000    9.5220    9.5220    7.2000
    7.2000    7.2000    7.2000    7.2000    7.2000    7.2000
100000*second partial in parameter space
       55.       40.       22.        4.        5.        4.
        5.        7.        3.        5.        2.        2.
  0.0295  0.0286  0.0276  0.0299  0.0303  0.0282  0.0288  0.0299  0.0281  0.0289  0.0273  0.0275
  0.0277  0.0273  0.0269  0.0283  0.0284  0.0271  0.0275  0.0279  0.0271  0.0273  0.0268  0.0268
  0.0267  0.0266  0.0264  0.0271  0.0270  0.0264  0.0266  0.0267  0.0265  0.0265  0.0264  0.0264
  0.0263  0.0263  0.0263  0.0263  0.0263  0.0263  0.0263  0.0263  0.0263  0.0263  0.0263  0.0263
  0.0267  0.0266  0.0265  0.0265  0.0265  0.0266  0.0266  0.0268  0.0265  0.0267  0.0264  0.0265
  0.0277  0.0273  0.0269  0.0279  0.0280  0.0271  0.0275  0.0280  0.0271  0.0275  0.0268  0.0269
  0.0295  0.0286  0.0276  0.0304  0.0306  0.0282  0.0288  0.0298  0.0281  0.0287  0.0273  0.0275
    0.2861    5.6449    4.5571  -11.8611  -12.5277   -2.2213
   -3.3726    0.7259    3.0208   13.8442   -2.7076  -13.4607
eta,q 0.97369  8.31295

---------------------------------------------------------------------
imgreg_4dfp /autofs/vast/freesurfer/centos7_x86_64/7.2.0-beta/average/711-2C_as_mni_average_305 /autofs/vast/freesurfer/centos7_x86_64/7.2.0-beta/average/711-2B_as_mni_average_305_mask talsrcimg_g11 none talsrcimg_to_711-2C_as_mni_average_305_t4 2311
---------------------------------------------------------------------

freesurfer imgreg_4dfp.c
/autofs/vast/freesurfer/centos7_x86_64/7.2.0-beta/average/711-2C_as_mni_average_305.4dfp.img
       256       256       256         1
  1.000000  1.000000  1.000000
orientation T byte_order littleendian
Reading image: /autofs/vast/freesurfer/centos7_x86_64/7.2.0-beta/average/711-2C_as_mni_average_305.4dfp.img
dimensions:      256       256       256
mmppix:       1.0000   -1.0000   -1.0000
center:     128.0000 -129.0000 -129.0000
/autofs/vast/freesurfer/centos7_x86_64/7.2.0-beta/average/711-2B_as_mni_average_305_mask.4dfp.img
       256       256       256         1
  1.000000  1.000000  1.000000
orientation T byte_order littleendian
Reading mask: /autofs/vast/freesurfer/centos7_x86_64/7.2.0-beta/average/711-2B_as_mni_average_305_mask.4dfp.img (2306576 pixels)
talsrcimg_g11.4dfp.img
       256       256       256         1
  1.000000  1.000000  1.000000
orientation T byte_order littleendian
Reading image: talsrcimg_g11.4dfp.img
dimensions:      256       256       256
mmppix:       1.0000   -1.0000   -1.0000
center:     128.0000 -129.0000 -129.0000
fimgreg.f
image alignment mode   2311 decimal      907 hex
parameters
    0.2861    5.6449    4.5571  -11.8611  -12.5277   -2.2213
   -3.3726    0.7259    3.0208   13.8442   -2.7076  -13.4607
eta,q 0.97369  8.31296
niter,ni,del,rscale     5    3    5.0000    0.8000
parameters
    0.2800    5.6483    4.5349  -11.0108  -11.9853   -2.4056
   -3.3952    0.7685    2.9558   13.6146   -2.7711  -13.5144
eta,q 0.97380  8.36133
  0.0277  0.0273  0.0269  0.0277  0.0276  0.0270  0.0274  0.0279  0.0270  0.0272  0.0267  0.0267
  0.0269  0.0268  0.0266  0.0271  0.0269  0.0265  0.0268  0.0270  0.0266  0.0266  0.0264  0.0264
  0.0265  0.0264  0.0264  0.0266  0.0265  0.0262  0.0263  0.0264  0.0263  0.0263  0.0263  0.0263
  0.0263  0.0263  0.0263  0.0263  0.0263  0.0262  0.0262  0.0262  0.0262  0.0262  0.0262  0.0262
  0.0265  0.0264  0.0264  0.0263  0.0262  0.0264  0.0263  0.0264  0.0263  0.0264  0.0263  0.0263
  0.0270  0.0268  0.0266  0.0265  0.0265  0.0266  0.0268  0.0270  0.0266  0.0268  0.0264  0.0265
  0.0277  0.0273  0.0269  0.0270  0.0272  0.0270  0.0274  0.0278  0.0271  0.0274  0.0267  0.0268
niter,ni,del,rscale     4    3    5.0000    0.7000
parameters
    0.2561    5.5818    4.5272  -11.0291  -11.8768   -2.5982
   -3.3915    0.7281    2.9513   13.4859   -2.7807  -13.5361
eta,q 0.97381  8.35441
  0.0273  0.0269  0.0267  0.0271  0.0271  0.0268  0.0271  0.0275  0.0268  0.0270  0.0266  0.0266
  0.0267  0.0265  0.0264  0.0266  0.0267  0.0264  0.0266  0.0267  0.0265  0.0265  0.0264  0.0264
  0.0263  0.0263  0.0263  0.0263  0.0263  0.0262  0.0263  0.0263  0.0262  0.0262  0.0262  0.0262
  0.0262  0.0262  0.0262  0.0262  0.0262  0.0262  0.0262  0.0262  0.0262  0.0262  0.0262  0.0262
  0.0263  0.0263  0.0263  0.0263  0.0262  0.0263  0.0263  0.0264  0.0263  0.0263  0.0262  0.0262
  0.0267  0.0266  0.0264  0.0266  0.0265  0.0266  0.0266  0.0268  0.0265  0.0266  0.0264  0.0264
  0.0274  0.0271  0.0267  0.0271  0.0271  0.0269  0.0271  0.0275  0.0268  0.0271  0.0266  0.0266
niter,ni,del,rscale     3    3    5.0000    0.6000
parameters
    0.2547    5.5700    4.5138  -10.9963  -11.7766   -2.7664
   -3.4080    0.7042    2.9391   13.4007   -2.7636  -13.5729
eta,q 0.97382  8.35151
  0.0270  0.0268  0.0265  0.0268  0.0268  0.0267  0.0269  0.0271  0.0266  0.0268  0.0265  0.0265
  0.0265  0.0264  0.0263  0.0265  0.0265  0.0264  0.0265  0.0266  0.0264  0.0264  0.0263  0.0263
  0.0263  0.0262  0.0262  0.0263  0.0263  0.0262  0.0262  0.0263  0.0262  0.0262  0.0262  0.0262
  0.0262  0.0262  0.0262  0.0262  0.0262  0.0262  0.0262  0.0262  0.0262  0.0262  0.0262  0.0262
  0.0263  0.0263  0.0262  0.0262  0.0262  0.0263  0.0263  0.0263  0.0262  0.0263  0.0262  0.0262
  0.0266  0.0265  0.0263  0.0265  0.0264  0.0265  0.0265  0.0266  0.0264  0.0265  0.0263  0.0263
  0.0270  0.0268  0.0265  0.0268  0.0268  0.0267  0.0269  0.0271  0.0266  0.0268  0.0265  0.0265
niter,ni,del,rscale     2    3    5.0000    0.5000
parameters
    0.2520    5.5659    4.4963  -10.9749  -11.6785   -2.9270
   -3.4141    0.6757    2.9145   13.3417   -2.7783  -13.6417
eta,q 0.97383  8.34892
  0.0267  0.0266  0.0264  0.0266  0.0266  0.0265  0.0266  0.0268  0.0265  0.0266  0.0264  0.0264
  0.0264  0.0264  0.0263  0.0264  0.0264  0.0263  0.0264  0.0264  0.0263  0.0263  0.0263  0.0262
  0.0262  0.0262  0.0262  0.0262  0.0263  0.0262  0.0262  0.0262  0.0262  0.0262  0.0262  0.0262
  0.0262  0.0262  0.0262  0.0262  0.0262  0.0262  0.0262  0.0262  0.0262  0.0262  0.0262  0.0262
  0.0262  0.0262  0.0262  0.0262  0.0262  0.0263  0.0262  0.0263  0.0262  0.0262  0.0262  0.0262
  0.0264  0.0264  0.0263  0.0264  0.0263  0.0264  0.0264  0.0265  0.0263  0.0264  0.0263  0.0263
  0.0268  0.0266  0.0264  0.0266  0.0266  0.0266  0.0267  0.0268  0.0265  0.0266  0.0264  0.0264
niter,ni,del,rscale     1    3    5.0000    0.4000
parameters
    0.2509    5.5586    4.4714  -10.9915  -11.5918   -3.0652
   -3.4159    0.6488    2.8942   13.3046   -2.7396  -13.7212
eta,q 0.97384  8.34553
  0.0265  0.0264  0.0263  0.0265  0.0265  0.0264  0.0265  0.0266  0.0264  0.0264  0.0263  0.0263
  0.0263  0.0263  0.0262  0.0263  0.0263  0.0263  0.0263  0.0263  0.0263  0.0263  0.0262  0.0262
  0.0262  0.0262  0.0262  0.0262  0.0262  0.0262  0.0262  0.0262  0.0262  0.0262  0.0262  0.0262
  0.0262  0.0262  0.0262  0.0262  0.0262  0.0262  0.0262  0.0262  0.0262  0.0262  0.0262  0.0262
  0.0262  0.0262  0.0262  0.0262  0.0262  0.0262  0.0262  0.0262  0.0262  0.0262  0.0262  0.0262
  0.0263  0.0263  0.0262  0.0263  0.0263  0.0263  0.0263  0.0264  0.0263  0.0263  0.0262  0.0262
  0.0265  0.0264  0.0263  0.0265  0.0264  0.0265  0.0265  0.0266  0.0264  0.0264  0.0263  0.0263
registration optimization eta report
parameter search radius
    0.8000    0.8000    0.8000    2.4000    2.4000    2.4000
    2.4000    2.4000    2.4000    2.4000    2.4000    2.4000
100000*second partial in parameter space
       57.       42.       25.        5.        5.        5.
        5.        8.        4.        5.        2.        2.
  0.0265  0.0264  0.0263  0.0265  0.0265  0.0264  0.0265  0.0266  0.0264  0.0264  0.0263  0.0263
  0.0263  0.0263  0.0262  0.0263  0.0263  0.0263  0.0263  0.0263  0.0263  0.0263  0.0262  0.0262
  0.0262  0.0262  0.0262  0.0262  0.0262  0.0262  0.0262  0.0262  0.0262  0.0262  0.0262  0.0262
  0.0262  0.0262  0.0262  0.0262  0.0262  0.0262  0.0262  0.0262  0.0262  0.0262  0.0262  0.0262
  0.0262  0.0262  0.0262  0.0262  0.0262  0.0262  0.0262  0.0262  0.0262  0.0262  0.0262  0.0262
  0.0263  0.0263  0.0262  0.0263  0.0263  0.0263  0.0263  0.0264  0.0263  0.0263  0.0262  0.0262
  0.0265  0.0264  0.0263  0.0265  0.0264  0.0265  0.0265  0.0266  0.0264  0.0264  0.0263  0.0263
    0.2509    5.5586    4.4714  -10.9915  -11.5918   -3.0652
   -3.4159    0.6488    2.8942   13.3046   -2.7396  -13.7212
eta,q 0.97384  8.34553

---------------------------------------------------------------------
imgreg_4dfp /autofs/vast/freesurfer/centos7_x86_64/7.2.0-beta/average/711-2C_as_mni_average_305 /autofs/vast/freesurfer/centos7_x86_64/7.2.0-beta/average/711-2B_as_mni_average_305_mask talsrcimg_g11 none talsrcimg_to_711-2C_as_mni_average_305_t4 2311
---------------------------------------------------------------------

freesurfer imgreg_4dfp.c
/autofs/vast/freesurfer/centos7_x86_64/7.2.0-beta/average/711-2C_as_mni_average_305.4dfp.img
       256       256       256         1
  1.000000  1.000000  1.000000
orientation T byte_order littleendian
Reading image: /autofs/vast/freesurfer/centos7_x86_64/7.2.0-beta/average/711-2C_as_mni_average_305.4dfp.img
dimensions:      256       256       256
mmppix:       1.0000   -1.0000   -1.0000
center:     128.0000 -129.0000 -129.0000
/autofs/vast/freesurfer/centos7_x86_64/7.2.0-beta/average/711-2B_as_mni_average_305_mask.4dfp.img
       256       256       256         1
  1.000000  1.000000  1.000000
orientation T byte_order littleendian
Reading mask: /autofs/vast/freesurfer/centos7_x86_64/7.2.0-beta/average/711-2B_as_mni_average_305_mask.4dfp.img (2306576 pixels)
talsrcimg_g11.4dfp.img
       256       256       256         1
  1.000000  1.000000  1.000000
orientation T byte_order littleendian
Reading image: talsrcimg_g11.4dfp.img
dimensions:      256       256       256
mmppix:       1.0000   -1.0000   -1.0000
center:     128.0000 -129.0000 -129.0000
fimgreg.f
image alignment mode   2311 decimal      907 hex
parameters
    0.2509    5.5586    4.4714  -10.9915  -11.5918   -3.0652
   -3.4159    0.6488    2.8942   13.3046   -2.7396  -13.7212
eta,q 0.97384  8.34553
niter,ni,del,rscale     5    3    5.0000    0.8000
parameters
    0.2586    5.5533    4.4635  -11.1764  -11.8620   -2.7340
   -3.4000    0.7125    2.9742   13.5575   -2.7489  -13.6151
eta,q 0.97382  8.34363
  0.0276  0.0272  0.0268  0.0272  0.0272  0.0273  0.0274  0.0280  0.0270  0.0275  0.0267  0.0268
  0.0268  0.0266  0.0264  0.0267  0.0266  0.0267  0.0267  0.0270  0.0266  0.0267  0.0264  0.0264
  0.0263  0.0263  0.0262  0.0263  0.0263  0.0263  0.0263  0.0264  0.0263  0.0263  0.0262  0.0262
  0.0262  0.0262  0.0262  0.0262  0.0262  0.0262  0.0262  0.0262  0.0262  0.0262  0.0262  0.0262
  0.0263  0.0263  0.0262  0.0263  0.0263  0.0263  0.0263  0.0264  0.0263  0.0263  0.0262  0.0262
  0.0268  0.0266  0.0264  0.0267  0.0267  0.0266  0.0267  0.0270  0.0265  0.0266  0.0264  0.0264
  0.0276  0.0272  0.0268  0.0275  0.0275  0.0270  0.0274  0.0278  0.0270  0.0272  0.0267  0.0267
niter,ni,del,rscale     4    3    5.0000    0.7000
parameters
    0.2642    5.5856    4.4935  -11.0579  -11.8417   -2.6821
   -3.4081    0.7223    2.9501   13.5045   -2.7908  -13.5895
eta,q 0.97382  8.35138
  0.0273  0.0270  0.0267  0.0271  0.0270  0.0269  0.0271  0.0275  0.0268  0.0270  0.0265  0.0266
  0.0267  0.0266  0.0264  0.0266  0.0266  0.0265  0.0266  0.0268  0.0265  0.0265  0.0263  0.0264
  0.0263  0.0263  0.0262  0.0263  0.0263  0.0262  0.0263  0.0263  0.0262  0.0262  0.0262  0.0262
  0.0262  0.0262  0.0262  0.0262  0.0262  0.0262  0.0262  0.0262  0.0262  0.0262  0.0262  0.0262
  0.0263  0.0263  0.0262  0.0263  0.0262  0.0263  0.0263  0.0264  0.0263  0.0263  0.0262  0.0262
  0.0267  0.0265  0.0264  0.0265  0.0265  0.0265  0.0266  0.0268  0.0265  0.0266  0.0264  0.0264
  0.0273  0.0270  0.0266  0.0270  0.0271  0.0268  0.0271  0.0275  0.0268  0.0270  0.0266  0.0266
niter,ni,del,rscale     3    3    5.0000    0.6000
parameters
    0.2561    5.5763    4.5046  -11.0103  -11.7709   -2.7925
   -3.4097    0.6974    2.9414   13.4107   -2.7759  -13.5943
eta,q 0.97383  8.35028
  0.0270  0.0268  0.0265  0.0269  0.0268  0.0267  0.0269  0.0271  0.0266  0.0268  0.0265  0.0265
  0.0265  0.0264  0.0263  0.0265  0.0265  0.0264  0.0265  0.0266  0.0264  0.0264  0.0263  0.0263
  0.0263  0.0262  0.0262  0.0263  0.0263  0.0262  0.0262  0.0263  0.0262  0.0262  0.0262  0.0262
  0.0262  0.0262  0.0262  0.0262  0.0262  0.0262  0.0262  0.0262  0.0262  0.0262  0.0262  0.0262
  0.0263  0.0263  0.0262  0.0262  0.0262  0.0263  0.0263  0.0263  0.0262  0.0263  0.0262  0.0262
  0.0266  0.0265  0.0263  0.0265  0.0264  0.0265  0.0265  0.0266  0.0264  0.0265  0.0263  0.0263
  0.0270  0.0268  0.0265  0.0268  0.0268  0.0267  0.0269  0.0271  0.0266  0.0268  0.0265  0.0265
niter,ni,del,rscale     2    3    5.0000    0.5000
parameters
    0.2533    5.5666    4.4969  -10.9806  -11.6793   -2.9221
   -3.4078    0.6757    2.9094   13.3443   -2.7592  -13.6382
eta,q 0.97383  8.34885
  0.0267  0.0266  0.0264  0.0266  0.0266  0.0266  0.0267  0.0268  0.0265  0.0266  0.0264  0.0264
  0.0264  0.0264  0.0263  0.0264  0.0264  0.0263  0.0264  0.0265  0.0263  0.0263  0.0263  0.0262
  0.0262  0.0262  0.0262  0.0262  0.0263  0.0262  0.0262  0.0262  0.0262  0.0262  0.0262  0.0262
  0.0262  0.0262  0.0262  0.0262  0.0262  0.0262  0.0262  0.0262  0.0262  0.0262  0.0262  0.0262
  0.0262  0.0262  0.0262  0.0262  0.0262  0.0263  0.0262  0.0263  0.0262  0.0262  0.0262  0.0262
  0.0264  0.0264  0.0263  0.0264  0.0263  0.0264  0.0264  0.0265  0.0263  0.0264  0.0263  0.0263
  0.0268  0.0266  0.0264  0.0266  0.0266  0.0266  0.0266  0.0268  0.0265  0.0266  0.0264  0.0264
niter,ni,del,rscale     1    3    5.0000    0.4000
parameters
    0.2524    5.5568    4.4738  -10.9966  -11.5950   -3.0595
   -3.4125    0.6501    2.9023   13.3077   -2.7348  -13.7436
eta,q 0.97384  8.34548
  0.0265  0.0264  0.0263  0.0265  0.0265  0.0264  0.0265  0.0266  0.0264  0.0264  0.0263  0.0263
  0.0263  0.0263  0.0262  0.0263  0.0263  0.0263  0.0263  0.0263  0.0263  0.0263  0.0262  0.0262
  0.0262  0.0262  0.0262  0.0262  0.0262  0.0262  0.0262  0.0262  0.0262  0.0262  0.0262  0.0262
  0.0262  0.0262  0.0262  0.0262  0.0262  0.0262  0.0262  0.0262  0.0262  0.0262  0.0262  0.0262
  0.0262  0.0262  0.0262  0.0262  0.0262  0.0262  0.0262  0.0262  0.0262  0.0262  0.0262  0.0262
  0.0263  0.0263  0.0262  0.0263  0.0263  0.0263  0.0263  0.0264  0.0263  0.0263  0.0262  0.0262
  0.0265  0.0264  0.0263  0.0265  0.0264  0.0265  0.0265  0.0266  0.0264  0.0264  0.0263  0.0263
registration optimization eta report
parameter search radius
    0.8000    0.8000    0.8000    2.4000    2.4000    2.4000
    2.4000    2.4000    2.4000    2.4000    2.4000    2.4000
100000*second partial in parameter space
       57.       42.       24.        5.        5.        5.
        5.        8.        4.        5.        2.        2.
  0.0265  0.0264  0.0263  0.0265  0.0265  0.0264  0.0265  0.0266  0.0264  0.0264  0.0263  0.0263
  0.0263  0.0263  0.0262  0.0263  0.0263  0.0263  0.0263  0.0263  0.0263  0.0263  0.0262  0.0262
  0.0262  0.0262  0.0262  0.0262  0.0262  0.0262  0.0262  0.0262  0.0262  0.0262  0.0262  0.0262
  0.0262  0.0262  0.0262  0.0262  0.0262  0.0262  0.0262  0.0262  0.0262  0.0262  0.0262  0.0262
  0.0262  0.0262  0.0262  0.0262  0.0262  0.0262  0.0262  0.0262  0.0262  0.0262  0.0262  0.0262
  0.0263  0.0263  0.0262  0.0263  0.0263  0.0263  0.0263  0.0264  0.0263  0.0263  0.0262  0.0262
  0.0265  0.0264  0.0263  0.0265  0.0264  0.0265  0.0265  0.0266  0.0264  0.0264  0.0263  0.0263
    0.2524    5.5568    4.4738  -10.9966  -11.5950   -3.0595
   -3.4125    0.6501    2.9023   13.3077   -2.7348  -13.7436
eta,q 0.97384  8.34548

---------------------------------------------------------------------
compute_vox2vox talsrcimg talsrcimg_to_711-2C_as_mni_average_305_t4 /autofs/vast/freesurfer/centos7_x86_64/7.2.0-beta/average/711-2C_as_mni_average_305
---------------------------------------------------------------------

freesurfer compute_vox2vox.c
Reading: talsrcimg.4dfp.ifh
Reading: talsrcimg_to_711-2C_as_mni_average_305_t4
Reading: /autofs/vast/freesurfer/centos7_x86_64/7.2.0-beta/average/711-2C_as_mni_average_305.4dfp.ifh
Writing: talsrcimg_to_711-2C_as_mni_average_305_t4_vox2vox.txt

start time Tue Jul 13 16:35:16 EDT 2021
end		time Tue Jul 13 16:35:42 EDT 2021

mpr2mni305 success

avi2talxfm orig_nu.mgz /autofs/vast/freesurfer/centos7_x86_64/7.2.0-beta/average/mni305.cor.mgz talsrcimg_to_711-2C_as_mni_average_305_t4_vox2vox.txt transforms/talairach.auto.xfm
avi2talxfm done
lta_convert --src orig_nu.mgz --trg /autofs/vast/freesurfer/centos7_x86_64/7.2.0-beta/average/mni305.cor.mgz --inxfm transforms/talairach.auto.xfm --outlta transforms/talairach.auto.xfm.lta --subject fsaverage
7.2.0-beta

--src: orig_nu.mgz src image (geometry).
--trg: /autofs/vast/freesurfer/centos7_x86_64/7.2.0-beta/average/mni305.cor.mgz trg image (geometry).
--inmni: transforms/talairach.auto.xfm input MNI/XFM transform.
--outlta: transforms/talairach.auto.xfm.lta output LTA.
--s: fsaverage subject name
 LTA read, type : 1
 1.12180  -0.01319   0.04125  -6.28661;
 0.02587   1.00970   0.15797  -23.70618;
-0.04072  -0.15156   1.10602  -2.66127;
 0.00000   0.00000   0.00000   1.00000;
setting subject to fsaverage
Writing  LTA to file transforms/talairach.auto.xfm.lta...
lta_convert successful.
 
 
Started at Tue Jul 13 16:35:15 EDT 2021
Ended   at Tue Jul 13 16:35:42 EDT 2021
talairach_avi done
