Log file for defect2seg
Tue Jul 13 18:38:36 EDT 2021

setenv SUBJECTS_DIR /autofs/vast/freesurfer/test/recons/bert/7.2.0
cd /autofs/vast/freesurfer/test/recons/bert/7.2.0/bert/scripts
/autofs/vast/freesurfer/centos7_x86_64/7.2.0-beta/bin/defect2seg --s bert

freesurfer-linux-centos7_x86_64-7.2.0-beta-20210713-aa8f76b
defect2seg 7.2.0-beta
Linux topaz.nmr.mgh.harvard.edu 3.10.0-1160.31.1.el7.x86_64 #1 SMP Thu Jun 10 13:32:12 UTC 2021 x86_64 x86_64 x86_64 GNU/Linux
pid 3674
mri_label2vol --defects /autofs/vast/freesurfer/test/recons/bert/7.2.0/bert/surf/lh.orig.nofix /autofs/vast/freesurfer/test/recons/bert/7.2.0/bert/surf/lh.defect_labels /autofs/vast/freesurfer/test/recons/bert/7.2.0/bert/mri/orig.mgz 1000 0 /autofs/vast/freesurfer/test/recons/bert/7.2.0/bert/mri/surface.defects.mgz
mri_label2vol supposed to be reproducible but seed not set
Changing input type 0 to MRI_INT
Converting defects to volume: offset=1000, merge=0
Writing to /autofs/vast/freesurfer/test/recons/bert/7.2.0/bert/mri/surface.defects.mgz
mris_defects_pointset -s /autofs/vast/freesurfer/test/recons/bert/7.2.0/bert/surf/lh.orig.nofix -d /autofs/vast/freesurfer/test/recons/bert/7.2.0/bert/surf/lh.defect_labels -o /autofs/vast/freesurfer/test/recons/bert/7.2.0/bert/surf/lh.defects.pointset
Reading in surface /autofs/vast/freesurfer/test/recons/bert/7.2.0/bert/surf/lh.orig.nofix
Reading in defect segmentation /autofs/vast/freesurfer/test/recons/bert/7.2.0/bert/surf/lh.defect_labels
#VMPC# mris_defects_pointset 1053004
mris_defects_pointset done
mri_label2vol --defects /autofs/vast/freesurfer/test/recons/bert/7.2.0/bert/surf/rh.orig.nofix /autofs/vast/freesurfer/test/recons/bert/7.2.0/bert/surf/rh.defect_labels /autofs/vast/freesurfer/test/recons/bert/7.2.0/bert/mri/surface.defects.mgz 2000 1 /autofs/vast/freesurfer/test/recons/bert/7.2.0/bert/mri/surface.defects.mgz
mri_label2vol supposed to be reproducible but seed not set
Converting defects to volume: offset=2000, merge=1
MRIcopyHeader(): source has ctab
Writing to /autofs/vast/freesurfer/test/recons/bert/7.2.0/bert/mri/surface.defects.mgz
mris_defects_pointset -s /autofs/vast/freesurfer/test/recons/bert/7.2.0/bert/surf/rh.orig.nofix -d /autofs/vast/freesurfer/test/recons/bert/7.2.0/bert/surf/rh.defect_labels -o /autofs/vast/freesurfer/test/recons/bert/7.2.0/bert/surf/rh.defects.pointset
Reading in surface /autofs/vast/freesurfer/test/recons/bert/7.2.0/bert/surf/rh.orig.nofix
Reading in defect segmentation /autofs/vast/freesurfer/test/recons/bert/7.2.0/bert/surf/rh.defect_labels
#VMPC# mris_defects_pointset 922032
mris_defects_pointset done
 
Started at Tue Jul 13 18:38:36 EDT 2021 
Ended   at Tue Jul 13 18:38:40 EDT 2021
Defect2seg-Run-Time-Sec 4
Defect2seg-Run-Time-Min 0.08
Defect2seg-Run-Time-Hours 0.00
 
defect2seg Done
